-- Found ament_cmake: 1.3.12 (/opt/ros/humble/share/ament_cmake/cmake)
-- Found ros_ign_interfaces: 0.244.20 (/opt/ros/humble/share/ros_ign_interfaces/cmake)
-- Found rosidl_generator_c: 3.1.7 (/opt/ros/humble/share/rosidl_generator_c/cmake)
-- Found rosidl_adapter: 3.1.7 (/opt/ros/humble/share/rosidl_adapter/cmake)
-- Found rosidl_generator_cpp: 3.1.7 (/opt/ros/humble/share/rosidl_generator_cpp/cmake)
-- Using all available rosidl_typesupport_c: rosidl_typesupport_fastrtps_c;rosidl_typesupport_introspection_c
-- Using all available rosidl_typesupport_cpp: rosidl_typesupport_fastrtps_cpp;rosidl_typesupport_introspection_cpp
-- Found ament_lint_auto: 0.12.14 (/opt/ros/humble/share/ament_lint_auto/cmake)
-- Added test 'copyright' to check source files copyright and LICENSE
-- Added test 'flake8' to check Python code syntax and style conventions
-- Added test 'lint_cmake' to check CMake code style
-- Added test 'pep257' to check Python code against some of the docstring style conventions in PEP 257
-- Added test 'xmllint' to check XML markup files
-- Configuring done
-- Generating done
-- Build files have been written to: /home/student/RoboticsStudio1/build/41068_ignition_bringup
Built target ament_cmake_python_copy_subpackage_1
running egg_info
writing subpackage_1.egg-info/PKG-INFO
writing dependency_links to subpackage_1.egg-info/dependency_links.txt
writing top-level names to subpackage_1.egg-info/top_level.txt
reading manifest file 'subpackage_1.egg-info/SOURCES.txt'
writing manifest file 'subpackage_1.egg-info/SOURCES.txt'
Built target ament_cmake_python_build_subpackage_1_egg
-- Install configuration: ""
-- Up-to-date: /home/student/RoboticsStudio1/install/41068_ignition_bringup/share/41068_ignition_bringup/environment/pythonpath.sh
-- Installing: /home/student/RoboticsStudio1/install/41068_ignition_bringup/share/41068_ignition_bringup/environment/pythonpath.dsv
-- Up-to-date: /home/student/RoboticsStudio1/install/41068_ignition_bringup/local/lib/python3.10/dist-packages/subpackage_1-1.0.3-py3.10.egg-info
-- Installing: /home/student/RoboticsStudio1/install/41068_ignition_bringup/local/lib/python3.10/dist-packages/subpackage_1-1.0.3-py3.10.egg-info/PKG-INFO
-- Installing: /home/student/RoboticsStudio1/install/41068_ignition_bringup/local/lib/python3.10/dist-packages/subpackage_1-1.0.3-py3.10.egg-info/SOURCES.txt
-- Installing: /home/student/RoboticsStudio1/install/41068_ignition_bringup/local/lib/python3.10/dist-packages/subpackage_1-1.0.3-py3.10.egg-info/dependency_links.txt
-- Installing: /home/student/RoboticsStudio1/install/41068_ignition_bringup/local/lib/python3.10/dist-packages/subpackage_1-1.0.3-py3.10.egg-info/top_level.txt
-- Up-to-date: /home/student/RoboticsStudio1/install/41068_ignition_bringup/local/lib/python3.10/dist-packages/subpackage_1
-- Installing: /home/student/RoboticsStudio1/install/41068_ignition_bringup/local/lib/python3.10/dist-packages/subpackage_1/filtered_lidar.py
-- Installing: /home/student/RoboticsStudio1/install/41068_ignition_bringup/local/lib/python3.10/dist-packages/subpackage_1/tree_detector.py
-- Installing: /home/student/RoboticsStudio1/install/41068_ignition_bringup/local/lib/python3.10/dist-packages/subpackage_1/gui_panel.py
-- Installing: /home/student/RoboticsStudio1/install/41068_ignition_bringup/local/lib/python3.10/dist-packages/subpackage_1/__init__.py
Listing '/home/student/RoboticsStudio1/install/41068_ignition_bringup/local/lib/python3.10/dist-packages/subpackage_1'...
Compiling '/home/student/RoboticsStudio1/install/41068_ignition_bringup/local/lib/python3.10/dist-packages/subpackage_1/__init__.py'...
Compiling '/home/student/RoboticsStudio1/install/41068_ignition_bringup/local/lib/python3.10/dist-packages/subpackage_1/filtered_lidar.py'...
Compiling '/home/student/RoboticsStudio1/install/41068_ignition_bringup/local/lib/python3.10/dist-packages/subpackage_1/gui_panel.py'...
Compiling '/home/student/RoboticsStudio1/install/41068_ignition_bringup/local/lib/python3.10/dist-packages/subpackage_1/tree_detector.py'...
-- Installing: /home/student/RoboticsStudio1/install/41068_ignition_bringup/lib/41068_ignition_bringup/filtered_lidar.py
-- Installing: /home/student/RoboticsStudio1/install/41068_ignition_bringup/lib/41068_ignition_bringup/tree_detector.py
-- Up-to-date: /home/student/RoboticsStudio1/install/41068_ignition_bringup/share/41068_ignition_bringup/config
-- Installing: /home/student/RoboticsStudio1/install/41068_ignition_bringup/share/41068_ignition_bringup/config/gazebo_bridge.yaml
-- Installing: /home/student/RoboticsStudio1/install/41068_ignition_bringup/share/41068_ignition_bringup/config/slam_params.yaml
-- Installing: /home/student/RoboticsStudio1/install/41068_ignition_bringup/share/41068_ignition_bringup/config/nav2_params.yaml
-- Installing: /home/student/RoboticsStudio1/install/41068_ignition_bringup/share/41068_ignition_bringup/config/robot_localization.yaml
-- Installing: /home/student/RoboticsStudio1/install/41068_ignition_bringup/share/41068_ignition_bringup/config/41068.rviz
-- Up-to-date: /home/student/RoboticsStudio1/install/41068_ignition_bringup/share/41068_ignition_bringup/launch
-- Installing: /home/student/RoboticsStudio1/install/41068_ignition_bringup/share/41068_ignition_bringup/launch/41068_navigation.launch.py
-- Installing: /home/student/RoboticsStudio1/install/41068_ignition_bringup/share/41068_ignition_bringup/launch/41068_ignition.launch.py
-- Installing: /home/student/RoboticsStudio1/install/41068_ignition_bringup/share/41068_ignition_bringup/launch/41068_ignition_drone.launch.py
-- Up-to-date: /home/student/RoboticsStudio1/install/41068_ignition_bringup/share/41068_ignition_bringup/models
-- Up-to-date: /home/student/RoboticsStudio1/install/41068_ignition_bringup/share/41068_ignition_bringup/models/grass_plane
-- Installing: /home/student/RoboticsStudio1/install/41068_ignition_bringup/share/41068_ignition_bringup/models/grass_plane/model.config
-- Installing: /home/student/RoboticsStudio1/install/41068_ignition_bringup/share/41068_ignition_bringup/models/grass_plane/model.sdf
-- Up-to-date: /home/student/RoboticsStudio1/install/41068_ignition_bringup/share/41068_ignition_bringup/models/grass_plane/materials
-- Up-to-date: /home/student/RoboticsStudio1/install/41068_ignition_bringup/share/41068_ignition_bringup/models/grass_plane/materials/textures
-- Installing: /home/student/RoboticsStudio1/install/41068_ignition_bringup/share/41068_ignition_bringup/models/grass_plane/materials/textures/empty_grass.png
-- Up-to-date: /home/student/RoboticsStudio1/install/41068_ignition_bringup/share/41068_ignition_bringup/models/forest_plane
-- Installing: /home/student/RoboticsStudio1/install/41068_ignition_bringup/share/41068_ignition_bringup/models/forest_plane/model.config
-- Installing: /home/student/RoboticsStudio1/install/41068_ignition_bringup/share/41068_ignition_bringup/models/forest_plane/model.sdf
-- Up-to-date: /home/student/RoboticsStudio1/install/41068_ignition_bringup/share/41068_ignition_bringup/models/forest_plane/materials
-- Up-to-date: /home/student/RoboticsStudio1/install/41068_ignition_bringup/share/41068_ignition_bringup/models/forest_plane/materials/textures
-- Installing: /home/student/RoboticsStudio1/install/41068_ignition_bringup/share/41068_ignition_bringup/models/forest_plane/materials/textures/forest_overhead.png
-- Installing: /home/student/RoboticsStudio1/install/41068_ignition_bringup/share/41068_ignition_bringup/models/forest_plane/materials/textures/empty_grass.png
-- Installing: /home/student/RoboticsStudio1/install/41068_ignition_bringup/share/41068_ignition_bringup/models/forest_plane/materials/textures/leaf_litter.png
-- Up-to-date: /home/student/RoboticsStudio1/install/41068_ignition_bringup/share/41068_ignition_bringup/models/forest_wall
-- Installing: /home/student/RoboticsStudio1/install/41068_ignition_bringup/share/41068_ignition_bringup/models/forest_wall/model.config
-- Installing: /home/student/RoboticsStudio1/install/41068_ignition_bringup/share/41068_ignition_bringup/models/forest_wall/model.sdf
-- Up-to-date: /home/student/RoboticsStudio1/install/41068_ignition_bringup/share/41068_ignition_bringup/models/forest_wall/materials
-- Up-to-date: /home/student/RoboticsStudio1/install/41068_ignition_bringup/share/41068_ignition_bringup/models/forest_wall/materials/textures
-- Installing: /home/student/RoboticsStudio1/install/41068_ignition_bringup/share/41068_ignition_bringup/models/forest_wall/materials/textures/forest_wall_transparent.png
-- Installing: /home/student/RoboticsStudio1/install/41068_ignition_bringup/share/41068_ignition_bringup/models/forest_wall/materials/textures/forest_wall_transparent_small.png
-- Installing: /home/student/RoboticsStudio1/install/41068_ignition_bringup/share/41068_ignition_bringup/models/forest_wall/materials/textures/forest_wall.png
-- Up-to-date: /home/student/RoboticsStudio1/install/41068_ignition_bringup/share/41068_ignition_bringup/models/x500-Base
-- Installing: /home/student/RoboticsStudio1/install/41068_ignition_bringup/share/41068_ignition_bringup/models/x500-Base/model.config
-- Installing: /home/student/RoboticsStudio1/install/41068_ignition_bringup/share/41068_ignition_bringup/models/x500-Base/model.sdf
-- Up-to-date: /home/student/RoboticsStudio1/install/41068_ignition_bringup/share/41068_ignition_bringup/models/x500-Base/thumbnails
-- Installing: /home/student/RoboticsStudio1/install/41068_ignition_bringup/share/41068_ignition_bringup/models/x500-Base/thumbnails/4.png
-- Installing: /home/student/RoboticsStudio1/install/41068_ignition_bringup/share/41068_ignition_bringup/models/x500-Base/thumbnails/2.png
-- Installing: /home/student/RoboticsStudio1/install/41068_ignition_bringup/share/41068_ignition_bringup/models/x500-Base/thumbnails/5.png
-- Installing: /home/student/RoboticsStudio1/install/41068_ignition_bringup/share/41068_ignition_bringup/models/x500-Base/thumbnails/1.png
-- Installing: /home/student/RoboticsStudio1/install/41068_ignition_bringup/share/41068_ignition_bringup/models/x500-Base/thumbnails/3.png
-- Up-to-date: /home/student/RoboticsStudio1/install/41068_ignition_bringup/share/41068_ignition_bringup/models/x500-Base/meshes
-- Installing: /home/student/RoboticsStudio1/install/41068_ignition_bringup/share/41068_ignition_bringup/models/x500-Base/meshes/5010Bell.dae
-- Installing: /home/student/RoboticsStudio1/install/41068_ignition_bringup/share/41068_ignition_bringup/models/x500-Base/meshes/5010Base.dae
-- Installing: /home/student/RoboticsStudio1/install/41068_ignition_bringup/share/41068_ignition_bringup/models/x500-Base/meshes/CF.png
-- Installing: /home/student/RoboticsStudio1/install/41068_ignition_bringup/share/41068_ignition_bringup/models/x500-Base/meshes/NXP-HGD-CF.dae
-- Installing: /home/student/RoboticsStudio1/install/41068_ignition_bringup/share/41068_ignition_bringup/models/x500-Base/meshes/1345_prop_cw.stl
-- Installing: /home/student/RoboticsStudio1/install/41068_ignition_bringup/share/41068_ignition_bringup/models/x500-Base/meshes/1345_prop_ccw.stl
-- Up-to-date: /home/student/RoboticsStudio1/install/41068_ignition_bringup/share/41068_ignition_bringup/models/x500-Base/materials
-- Up-to-date: /home/student/RoboticsStudio1/install/41068_ignition_bringup/share/41068_ignition_bringup/models/x500-Base/materials/textures
-- Installing: /home/student/RoboticsStudio1/install/41068_ignition_bringup/share/41068_ignition_bringup/models/x500-Base/materials/textures/CF.png
-- Installing: /home/student/RoboticsStudio1/install/41068_ignition_bringup/share/41068_ignition_bringup/models/x500-Base/materials/textures/nxp.png
-- Installing: /home/student/RoboticsStudio1/install/41068_ignition_bringup/share/41068_ignition_bringup/models/x500-Base/materials/textures/rd.png
-- Up-to-date: /home/student/RoboticsStudio1/install/41068_ignition_bringup/share/41068_ignition_bringup/models/tree_stump
-- Installing: /home/student/RoboticsStudio1/install/41068_ignition_bringup/share/41068_ignition_bringup/models/tree_stump/model.config
-- Installing: /home/student/RoboticsStudio1/install/41068_ignition_bringup/share/41068_ignition_bringup/models/tree_stump/model.sdf
-- Installing: /home/student/RoboticsStudio1/install/41068_ignition_bringup/share/41068_ignition_bringup/models/tree_stump/TreeStump024_Blender_Cycles.blend
-- Up-to-date: /home/student/RoboticsStudio1/install/41068_ignition_bringup/share/41068_ignition_bringup/models/tree_stump/meshes
-- Installing: /home/student/RoboticsStudio1/install/41068_ignition_bringup/share/41068_ignition_bringup/models/tree_stump/meshes/TreeStump.obj
-- Installing: /home/student/RoboticsStudio1/install/41068_ignition_bringup/share/41068_ignition_bringup/models/tree_stump/TreeStump024_Blender_Cycles.mtl
-- Up-to-date: /home/student/RoboticsStudio1/install/41068_ignition_bringup/share/41068_ignition_bringup/models/tree_stump/materials
-- Up-to-date: /home/student/RoboticsStudio1/install/41068_ignition_bringup/share/41068_ignition_bringup/models/tree_stump/materials/textures
-- Installing: /home/student/RoboticsStudio1/install/41068_ignition_bringup/share/41068_ignition_bringup/models/tree_stump/materials/textures/TreeStump024_DISP16_4K_METALNESS.png
-- Installing: /home/student/RoboticsStudio1/install/41068_ignition_bringup/share/41068_ignition_bringup/models/tree_stump/materials/textures/TreeStump024_BUMP_8K_METALNESS.png
-- Installing: /home/student/RoboticsStudio1/install/41068_ignition_bringup/share/41068_ignition_bringup/models/tree_stump/materials/textures/TreeStump024_METALNESS_4K_METALNESS.png
-- Installing: /home/student/RoboticsStudio1/install/41068_ignition_bringup/share/41068_ignition_bringup/models/tree_stump/materials/textures/TreeStump024_BUMP_4K_METALNESS.png
-- Installing: /home/student/RoboticsStudio1/install/41068_ignition_bringup/share/41068_ignition_bringup/models/tree_stump/materials/textures/TreeStump024_DISP16_8K_METALNESS.png
-- Installing: /home/student/RoboticsStudio1/install/41068_ignition_bringup/share/41068_ignition_bringup/models/tree_stump/materials/textures/TreeStump024_ROUGHNESS_8K_METALNESS.png
-- Installing: /home/student/RoboticsStudio1/install/41068_ignition_bringup/share/41068_ignition_bringup/models/tree_stump/materials/textures/TreeStump024_ROUGHNESS_4K_METALNESS.png
-- Installing: /home/student/RoboticsStudio1/install/41068_ignition_bringup/share/41068_ignition_bringup/models/tree_stump/materials/textures/TreeStump024_DISP_4K_METALNESS.png
-- Installing: /home/student/RoboticsStudio1/install/41068_ignition_bringup/share/41068_ignition_bringup/models/tree_stump/materials/textures/TreeStump024_AO_4K_METALNESS.png
-- Installing: /home/student/RoboticsStudio1/install/41068_ignition_bringup/share/41068_ignition_bringup/models/tree_stump/materials/textures/TreeStump024_COL_4K_METALNESS.png
-- Installing: /home/student/RoboticsStudio1/install/41068_ignition_bringup/share/41068_ignition_bringup/models/tree_stump/materials/textures/TreeStump024_NRM_4K_LOD0_METALNESS.png
-- Installing: /home/student/RoboticsStudio1/install/41068_ignition_bringup/share/41068_ignition_bringup/models/tree_stump/materials/textures/TreeStump024_AO_8K_METALNESS.png
-- Installing: /home/student/RoboticsStudio1/install/41068_ignition_bringup/share/41068_ignition_bringup/models/tree_stump/materials/textures/TreeStump024_BUMP16_8K_METALNESS.png
-- Installing: /home/student/RoboticsStudio1/install/41068_ignition_bringup/share/41068_ignition_bringup/models/tree_stump/materials/textures/TreeStump024_NRM_4K_METALNESS.png
-- Installing: /home/student/RoboticsStudio1/install/41068_ignition_bringup/share/41068_ignition_bringup/models/tree_stump/materials/textures/TreeStump024_BUMP16_4K_METALNESS.png
-- Installing: /home/student/RoboticsStudio1/install/41068_ignition_bringup/share/41068_ignition_bringup/models/tree_stump/materials/textures/TreeStump024_Preview1.png
-- Installing: /home/student/RoboticsStudio1/install/41068_ignition_bringup/share/41068_ignition_bringup/models/tree_stump/materials/textures/TreeStump024_DISP_8K_METALNESS.png
-- Installing: /home/student/RoboticsStudio1/install/41068_ignition_bringup/share/41068_ignition_bringup/models/tree_stump/materials/textures/TreeStump024_COL_8K_METALNESS.png
-- Installing: /home/student/RoboticsStudio1/install/41068_ignition_bringup/share/41068_ignition_bringup/models/tree_stump/materials/textures/TreeStump024_METALNESS_8K_METALNESS.png
-- Up-to-date: /home/student/RoboticsStudio1/install/41068_ignition_bringup/share/41068_ignition_bringup/models/tree_stump/materials/scripts
-- Installing: /home/student/RoboticsStudio1/install/41068_ignition_bringup/share/41068_ignition_bringup/models/tree_stump/materials/scripts/tree.material
-- Up-to-date: /home/student/RoboticsStudio1/install/41068_ignition_bringup/share/41068_ignition_bringup/models/x500_fpv_cam
-- Installing: /home/student/RoboticsStudio1/install/41068_ignition_bringup/share/41068_ignition_bringup/models/x500_fpv_cam/model.config
-- Installing: /home/student/RoboticsStudio1/install/41068_ignition_bringup/share/41068_ignition_bringup/models/x500_fpv_cam/model.sdf
-- Up-to-date: /home/student/RoboticsStudio1/install/41068_ignition_bringup/share/41068_ignition_bringup/models/x500_fpv_cam/thumbnails
-- Installing: /home/student/RoboticsStudio1/install/41068_ignition_bringup/share/41068_ignition_bringup/models/x500_fpv_cam/thumbnails/right.png
-- Installing: /home/student/RoboticsStudio1/install/41068_ignition_bringup/share/41068_ignition_bringup/models/x500_fpv_cam/thumbnails/back.png
-- Installing: /home/student/RoboticsStudio1/install/41068_ignition_bringup/share/41068_ignition_bringup/models/x500_fpv_cam/thumbnails/left.png
-- Installing: /home/student/RoboticsStudio1/install/41068_ignition_bringup/share/41068_ignition_bringup/models/x500_fpv_cam/thumbnails/front.png
-- Up-to-date: /home/student/RoboticsStudio1/install/41068_ignition_bringup/share/41068_ignition_bringup/urdf
-- Installing: /home/student/RoboticsStudio1/install/41068_ignition_bringup/share/41068_ignition_bringup/urdf/common_properties.urdf.xacro
-- Up-to-date: /home/student/RoboticsStudio1/install/41068_ignition_bringup/share/41068_ignition_bringup/urdf/meshes
-- Installing: /home/student/RoboticsStudio1/install/41068_ignition_bringup/share/41068_ignition_bringup/urdf/meshes/top_plate.dae
-- Installing: /home/student/RoboticsStudio1/install/41068_ignition_bringup/share/41068_ignition_bringup/urdf/meshes/bumper.dae
-- Installing: /home/student/RoboticsStudio1/install/41068_ignition_bringup/share/41068_ignition_bringup/urdf/meshes/base_link.dae
-- Installing: /home/student/RoboticsStudio1/install/41068_ignition_bringup/share/41068_ignition_bringup/urdf/meshes/jpl04_arch_nosensor.stl
-- Installing: /home/student/RoboticsStudio1/install/41068_ignition_bringup/share/41068_ignition_bringup/urdf/meshes/top_chassis.dae
-- Installing: /home/student/RoboticsStudio1/install/41068_ignition_bringup/share/41068_ignition_bringup/urdf/meshes/wheel.dae
-- Installing: /home/student/RoboticsStudio1/install/41068_ignition_bringup/share/41068_ignition_bringup/urdf/wheel.urdf.xacro
-- Installing: /home/student/RoboticsStudio1/install/41068_ignition_bringup/share/41068_ignition_bringup/urdf/husky.urdf.xacro
-- Installing: /home/student/RoboticsStudio1/install/41068_ignition_bringup/share/41068_ignition_bringup/urdf/husky.gazebo.xacro
-- Up-to-date: /home/student/RoboticsStudio1/install/41068_ignition_bringup/share/41068_ignition_bringup/worlds
-- Installing: /home/student/RoboticsStudio1/install/41068_ignition_bringup/share/41068_ignition_bringup/worlds/simple_trees.sdf
-- Installing: /home/student/RoboticsStudio1/install/41068_ignition_bringup/share/41068_ignition_bringup/worlds/large_demo.sdf
-- Up-to-date: /home/student/RoboticsStudio1/install/41068_ignition_bringup/share/41068_ignition_bringup/urdf_drone
-- Installing: /home/student/RoboticsStudio1/install/41068_ignition_bringup/share/41068_ignition_bringup/urdf_drone/model.config
-- Installing: /home/student/RoboticsStudio1/install/41068_ignition_bringup/share/41068_ignition_bringup/urdf_drone/model.sdf
-- Installing: /home/student/RoboticsStudio1/install/41068_ignition_bringup/share/41068_ignition_bringup/urdf_drone/common_properties.urdf.xacro
-- Up-to-date: /home/student/RoboticsStudio1/install/41068_ignition_bringup/share/41068_ignition_bringup/urdf_drone/thumbnails
-- Installing: /home/student/RoboticsStudio1/install/41068_ignition_bringup/share/41068_ignition_bringup/urdf_drone/thumbnails/4.png
-- Installing: /home/student/RoboticsStudio1/install/41068_ignition_bringup/share/41068_ignition_bringup/urdf_drone/thumbnails/2.png
-- Installing: /home/student/RoboticsStudio1/install/41068_ignition_bringup/share/41068_ignition_bringup/urdf_drone/thumbnails/5.png
-- Installing: /home/student/RoboticsStudio1/install/41068_ignition_bringup/share/41068_ignition_bringup/urdf_drone/thumbnails/1.png
-- Installing: /home/student/RoboticsStudio1/install/41068_ignition_bringup/share/41068_ignition_bringup/urdf_drone/thumbnails/3.png
-- Up-to-date: /home/student/RoboticsStudio1/install/41068_ignition_bringup/share/41068_ignition_bringup/urdf_drone/meshes
-- Installing: /home/student/RoboticsStudio1/install/41068_ignition_bringup/share/41068_ignition_bringup/urdf_drone/meshes/propeller_fr.dae
-- Installing: /home/student/RoboticsStudio1/install/41068_ignition_bringup/share/41068_ignition_bringup/urdf_drone/meshes/propeller_fl.dae
-- Installing: /home/student/RoboticsStudio1/install/41068_ignition_bringup/share/41068_ignition_bringup/urdf_drone/meshes/propeller_rl.dae
-- Installing: /home/student/RoboticsStudio1/install/41068_ignition_bringup/share/41068_ignition_bringup/urdf_drone/meshes/hull.dae
-- Installing: /home/student/RoboticsStudio1/install/41068_ignition_bringup/share/41068_ignition_bringup/urdf_drone/meshes/propeller_rr.dae
-- Installing: /home/student/RoboticsStudio1/install/41068_ignition_bringup/share/41068_ignition_bringup/urdf_drone/parrot.gazebo.xacro
-- Installing: /home/student/RoboticsStudio1/install/41068_ignition_bringup/share/41068_ignition_bringup/urdf_drone/parrot.urdf.xacro
-- Installing: /home/student/RoboticsStudio1/install/41068_ignition_bringup/share/ament_index/resource_index/package_run_dependencies/41068_ignition_bringup
-- Installing: /home/student/RoboticsStudio1/install/41068_ignition_bringup/share/ament_index/resource_index/parent_prefix_path/41068_ignition_bringup
-- Installing: /home/student/RoboticsStudio1/install/41068_ignition_bringup/share/41068_ignition_bringup/environment/ament_prefix_path.sh
-- Installing: /home/student/RoboticsStudio1/install/41068_ignition_bringup/share/41068_ignition_bringup/environment/ament_prefix_path.dsv
-- Installing: /home/student/RoboticsStudio1/install/41068_ignition_bringup/share/41068_ignition_bringup/environment/path.sh
-- Installing: /home/student/RoboticsStudio1/install/41068_ignition_bringup/share/41068_ignition_bringup/environment/path.dsv
-- Up-to-date: /home/student/RoboticsStudio1/install/41068_ignition_bringup/share/41068_ignition_bringup/local_setup.bash
-- Up-to-date: /home/student/RoboticsStudio1/install/41068_ignition_bringup/share/41068_ignition_bringup/local_setup.sh
-- Up-to-date: /home/student/RoboticsStudio1/install/41068_ignition_bringup/share/41068_ignition_bringup/local_setup.zsh
-- Installing: /home/student/RoboticsStudio1/install/41068_ignition_bringup/share/41068_ignition_bringup/local_setup.dsv
-- Installing: /home/student/RoboticsStudio1/install/41068_ignition_bringup/share/41068_ignition_bringup/package.dsv
-- Up-to-date: /home/student/RoboticsStudio1/install/41068_ignition_bringup/share/ament_index/resource_index/packages/41068_ignition_bringup
-- Up-to-date: /home/student/RoboticsStudio1/install/41068_ignition_bringup/share/41068_ignition_bringup/cmake/41068_ignition_bringupConfig.cmake
-- Up-to-date: /home/student/RoboticsStudio1/install/41068_ignition_bringup/share/41068_ignition_bringup/cmake/41068_ignition_bringupConfig-version.cmake
-- Up-to-date: /home/student/RoboticsStudio1/install/41068_ignition_bringup/share/41068_ignition_bringup/package.xml
