[0.264s] DEBUG:colcon:Command line arguments: ['/usr/bin/colcon', 'build', '--packages-select', '41068_ignition_bringup']
[0.264s] DEBUG:colcon:Parsed command line arguments: Namespace(log_base=None, log_level=None, verb_name='build', build_base='build', install_base='install', merge_install=False, symlink_install=False, test_result_base=None, continue_on_error=False, executor='parallel', parallel_workers=8, event_handlers=None, ignore_user_meta=False, metas=['./colcon.meta'], base_paths=['.'], packages_ignore=None, packages_ignore_regex=None, paths=None, packages_up_to=None, packages_up_to_regex=None, packages_above=None, packages_above_and_dependencies=None, packages_above_depth=None, packages_select_by_dep=None, packages_skip_by_dep=None, packages_skip_up_to=None, packages_select_build_failed=False, packages_skip_build_finished=False, packages_select_test_failures=False, packages_skip_test_passed=False, packages_select=['41068_ignition_bringup'], packages_skip=None, packages_select_regex=None, packages_skip_regex=None, packages_start=None, packages_end=None, allow_overriding=[], cmake_args=None, cmake_target=None, cmake_target_skip_unavailable=False, cmake_clean_cache=False, cmake_clean_first=False, cmake_force_configure=False, ament_cmake_args=None, catkin_cmake_args=None, catkin_skip_building_tests=False, mixin_files=None, mixin=None, verb_parser=<colcon_mixin.mixin.mixin_argument.MixinArgumentDecorator object at 0x7d99a855ecb0>, verb_extension=<colcon_core.verb.build.BuildVerb object at 0x7d99a855e290>, main=<bound method BuildVerb.main of <colcon_core.verb.build.BuildVerb object at 0x7d99a855e290>>, mixin_verb=('build',))
[0.648s] Level 1:colcon.colcon_core.package_discovery:discover_packages(colcon_meta) check parameters
[0.649s] Level 1:colcon.colcon_core.package_discovery:discover_packages(recursive) check parameters
[0.649s] Level 1:colcon.colcon_core.package_discovery:discover_packages(ignore) check parameters
[0.649s] Level 1:colcon.colcon_core.package_discovery:discover_packages(path) check parameters
[0.649s] Level 1:colcon.colcon_core.package_discovery:discover_packages(colcon_meta) discover
[0.649s] Level 1:colcon.colcon_core.package_discovery:discover_packages(recursive) discover
[0.649s] INFO:colcon.colcon_core.package_discovery:Crawling recursively for packages in '/home/student/RoboticsStudio1'
[0.649s] Level 1:colcon.colcon_core.package_identification:_identify(.) by extensions ['ignore', 'ignore_ament_install']
[0.649s] Level 1:colcon.colcon_core.package_identification:_identify(.) by extension 'ignore'
[0.649s] Level 1:colcon.colcon_core.package_identification:_identify(.) by extension 'ignore_ament_install'
[0.650s] Level 1:colcon.colcon_core.package_identification:_identify(.) by extensions ['colcon_pkg']
[0.650s] Level 1:colcon.colcon_core.package_identification:_identify(.) by extension 'colcon_pkg'
[0.650s] Level 1:colcon.colcon_core.package_identification:_identify(.) by extensions ['colcon_meta']
[0.650s] Level 1:colcon.colcon_core.package_identification:_identify(.) by extension 'colcon_meta'
[0.650s] Level 1:colcon.colcon_core.package_identification:_identify(.) by extensions ['ros']
[0.650s] Level 1:colcon.colcon_core.package_identification:_identify(.) by extension 'ros'
[0.668s] Level 1:colcon.colcon_core.package_identification:_identify(.) by extensions ['cmake', 'python']
[0.668s] Level 1:colcon.colcon_core.package_identification:_identify(.) by extension 'cmake'
[0.668s] Level 1:colcon.colcon_core.package_identification:_identify(.) by extension 'python'
[0.668s] Level 1:colcon.colcon_core.package_identification:_identify(.) by extensions ['python_setup_py']
[0.668s] Level 1:colcon.colcon_core.package_identification:_identify(.) by extension 'python_setup_py'
[0.668s] Level 1:colcon.colcon_core.package_identification:_identify(build) by extensions ['ignore', 'ignore_ament_install']
[0.669s] Level 1:colcon.colcon_core.package_identification:_identify(build) by extension 'ignore'
[0.669s] Level 1:colcon.colcon_core.package_identification:_identify(build) ignored
[0.669s] Level 1:colcon.colcon_core.package_identification:_identify(install) by extensions ['ignore', 'ignore_ament_install']
[0.669s] Level 1:colcon.colcon_core.package_identification:_identify(install) by extension 'ignore'
[0.669s] Level 1:colcon.colcon_core.package_identification:_identify(install) ignored
[0.669s] Level 1:colcon.colcon_core.package_identification:_identify(log) by extensions ['ignore', 'ignore_ament_install']
[0.669s] Level 1:colcon.colcon_core.package_identification:_identify(log) by extension 'ignore'
[0.670s] Level 1:colcon.colcon_core.package_identification:_identify(log) ignored
[0.670s] Level 1:colcon.colcon_core.package_identification:_identify(src) by extensions ['ignore', 'ignore_ament_install']
[0.670s] Level 1:colcon.colcon_core.package_identification:_identify(src) by extension 'ignore'
[0.670s] Level 1:colcon.colcon_core.package_identification:_identify(src) by extension 'ignore_ament_install'
[0.670s] Level 1:colcon.colcon_core.package_identification:_identify(src) by extensions ['colcon_pkg']
[0.670s] Level 1:colcon.colcon_core.package_identification:_identify(src) by extension 'colcon_pkg'
[0.670s] Level 1:colcon.colcon_core.package_identification:_identify(src) by extensions ['colcon_meta']
[0.670s] Level 1:colcon.colcon_core.package_identification:_identify(src) by extension 'colcon_meta'
[0.670s] Level 1:colcon.colcon_core.package_identification:_identify(src) by extensions ['ros']
[0.670s] Level 1:colcon.colcon_core.package_identification:_identify(src) by extension 'ros'
[0.670s] Level 1:colcon.colcon_core.package_identification:_identify(src) by extensions ['cmake', 'python']
[0.671s] Level 1:colcon.colcon_core.package_identification:_identify(src) by extension 'cmake'
[0.671s] Level 1:colcon.colcon_core.package_identification:_identify(src) by extension 'python'
[0.671s] Level 1:colcon.colcon_core.package_identification:_identify(src) by extensions ['python_setup_py']
[0.671s] Level 1:colcon.colcon_core.package_identification:_identify(src) by extension 'python_setup_py'
[0.671s] Level 1:colcon.colcon_core.package_identification:_identify(src/41068_ignition_bringup) by extensions ['ignore', 'ignore_ament_install']
[0.671s] Level 1:colcon.colcon_core.package_identification:_identify(src/41068_ignition_bringup) by extension 'ignore'
[0.671s] Level 1:colcon.colcon_core.package_identification:_identify(src/41068_ignition_bringup) by extension 'ignore_ament_install'
[0.671s] Level 1:colcon.colcon_core.package_identification:_identify(src/41068_ignition_bringup) by extensions ['colcon_pkg']
[0.671s] Level 1:colcon.colcon_core.package_identification:_identify(src/41068_ignition_bringup) by extension 'colcon_pkg'
[0.671s] Level 1:colcon.colcon_core.package_identification:_identify(src/41068_ignition_bringup) by extensions ['colcon_meta']
[0.671s] Level 1:colcon.colcon_core.package_identification:_identify(src/41068_ignition_bringup) by extension 'colcon_meta'
[0.672s] Level 1:colcon.colcon_core.package_identification:_identify(src/41068_ignition_bringup) by extensions ['ros']
[0.672s] Level 1:colcon.colcon_core.package_identification:_identify(src/41068_ignition_bringup) by extension 'ros'
[0.678s] DEBUG:colcon.colcon_core.package_identification:Package 'src/41068_ignition_bringup' with type 'ros.ament_cmake' and name '41068_ignition_bringup'
[0.678s] Level 1:colcon.colcon_core.package_discovery:discover_packages(recursive) using defaults
[0.679s] Level 1:colcon.colcon_core.package_discovery:discover_packages(ignore) discover
[0.679s] Level 1:colcon.colcon_core.package_discovery:discover_packages(ignore) using defaults
[0.679s] Level 1:colcon.colcon_core.package_discovery:discover_packages(path) discover
[0.679s] Level 1:colcon.colcon_core.package_discovery:discover_packages(path) using defaults
[0.760s] Level 1:colcon.colcon_core.package_discovery:discover_packages(prefix_path) check parameters
[0.761s] Level 1:colcon.colcon_core.package_discovery:discover_packages(prefix_path) discover
[0.764s] DEBUG:colcon.colcon_installed_package_information.package_discovery:Found 1 installed packages in /home/student/RoboticsStudio1/install
[0.765s] DEBUG:colcon.colcon_installed_package_information.package_discovery:Found 1 installed packages in /home/student/ros2_ws/install
[0.768s] DEBUG:colcon.colcon_installed_package_information.package_discovery:Found 424 installed packages in /opt/ros/humble
[0.772s] Level 1:colcon.colcon_core.package_discovery:discover_packages(prefix_path) using defaults
[0.902s] Level 5:colcon.colcon_core.verb:set package '41068_ignition_bringup' build argument 'cmake_args' from command line to 'None'
[0.903s] Level 5:colcon.colcon_core.verb:set package '41068_ignition_bringup' build argument 'cmake_target' from command line to 'None'
[0.903s] Level 5:colcon.colcon_core.verb:set package '41068_ignition_bringup' build argument 'cmake_target_skip_unavailable' from command line to 'False'
[0.903s] Level 5:colcon.colcon_core.verb:set package '41068_ignition_bringup' build argument 'cmake_clean_cache' from command line to 'False'
[0.903s] Level 5:colcon.colcon_core.verb:set package '41068_ignition_bringup' build argument 'cmake_clean_first' from command line to 'False'
[0.903s] Level 5:colcon.colcon_core.verb:set package '41068_ignition_bringup' build argument 'cmake_force_configure' from command line to 'False'
[0.903s] Level 5:colcon.colcon_core.verb:set package '41068_ignition_bringup' build argument 'ament_cmake_args' from command line to 'None'
[0.903s] Level 5:colcon.colcon_core.verb:set package '41068_ignition_bringup' build argument 'catkin_cmake_args' from command line to 'None'
[0.903s] Level 5:colcon.colcon_core.verb:set package '41068_ignition_bringup' build argument 'catkin_skip_building_tests' from command line to 'False'
[0.903s] DEBUG:colcon.colcon_core.verb:Building package '41068_ignition_bringup' with the following arguments: {'ament_cmake_args': None, 'build_base': '/home/student/RoboticsStudio1/build/41068_ignition_bringup', 'catkin_cmake_args': None, 'catkin_skip_building_tests': False, 'cmake_args': None, 'cmake_clean_cache': False, 'cmake_clean_first': False, 'cmake_force_configure': False, 'cmake_target': None, 'cmake_target_skip_unavailable': False, 'install_base': '/home/student/RoboticsStudio1/install/41068_ignition_bringup', 'merge_install': False, 'path': '/home/student/RoboticsStudio1/src/41068_ignition_bringup', 'symlink_install': False, 'test_result_base': None}
[0.904s] INFO:colcon.colcon_core.executor:Executing jobs using 'parallel' executor
[0.906s] DEBUG:colcon.colcon_parallel_executor.executor.parallel:run_until_complete
[0.906s] INFO:colcon.colcon_ros.task.ament_cmake.build:Building ROS package in '/home/student/RoboticsStudio1/src/41068_ignition_bringup' with build type 'ament_cmake'
[0.906s] INFO:colcon.colcon_cmake.task.cmake.build:Building CMake package in '/home/student/RoboticsStudio1/src/41068_ignition_bringup'
[0.911s] INFO:colcon.colcon_core.plugin_system:Skipping extension 'colcon_core.shell.bat': Not used on non-Windows systems
[0.912s] INFO:colcon.colcon_core.shell:Skip shell extension 'powershell' for command environment: Not usable outside of PowerShell
[0.912s] DEBUG:colcon.colcon_core.shell:Skip shell extension 'dsv' for command environment
[0.966s] DEBUG:colcon.colcon_core.event_handler.log_command:Invoking command in '/home/student/RoboticsStudio1/build/41068_ignition_bringup': CMAKE_PREFIX_PATH=${CMAKE_PREFIX_PATH}:/opt/ros/humble /usr/bin/cmake --build /home/student/RoboticsStudio1/build/41068_ignition_bringup -- -j8 -l8
[3.227s] DEBUG:colcon.colcon_core.event_handler.log_command:Invoked command in '/home/student/RoboticsStudio1/build/41068_ignition_bringup' returned '0': CMAKE_PREFIX_PATH=${CMAKE_PREFIX_PATH}:/opt/ros/humble /usr/bin/cmake --build /home/student/RoboticsStudio1/build/41068_ignition_bringup -- -j8 -l8
[3.257s] DEBUG:colcon.colcon_core.event_handler.log_command:Invoking command in '/home/student/RoboticsStudio1/build/41068_ignition_bringup': CMAKE_PREFIX_PATH=${CMAKE_PREFIX_PATH}:/opt/ros/humble /usr/bin/cmake --install /home/student/RoboticsStudio1/build/41068_ignition_bringup
[3.355s] Level 1:colcon.colcon_core.environment:create_environment_scripts_only(41068_ignition_bringup)
[3.362s] Level 1:colcon.colcon_core.environment:checking '/home/student/RoboticsStudio1/install/41068_ignition_bringup' for CMake module files
[3.366s] Level 1:colcon.colcon_core.environment:checking '/home/student/RoboticsStudio1/install/41068_ignition_bringup' for CMake config files
[3.368s] Level 1:colcon.colcon_core.shell:create_environment_hook('41068_ignition_bringup', 'cmake_prefix_path')
[3.369s] INFO:colcon.colcon_core.shell:Creating environment hook '/home/student/RoboticsStudio1/install/41068_ignition_bringup/share/41068_ignition_bringup/hook/cmake_prefix_path.ps1'
[3.372s] INFO:colcon.colcon_core.shell:Creating environment descriptor '/home/student/RoboticsStudio1/install/41068_ignition_bringup/share/41068_ignition_bringup/hook/cmake_prefix_path.dsv'
[3.374s] INFO:colcon.colcon_core.shell:Creating environment hook '/home/student/RoboticsStudio1/install/41068_ignition_bringup/share/41068_ignition_bringup/hook/cmake_prefix_path.sh'
[3.378s] Level 1:colcon.colcon_core.environment:checking '/home/student/RoboticsStudio1/install/41068_ignition_bringup/lib'
[3.382s] Level 1:colcon.colcon_core.environment:checking '/home/student/RoboticsStudio1/install/41068_ignition_bringup/bin'
[3.385s] Level 1:colcon.colcon_core.environment:checking '/home/student/RoboticsStudio1/install/41068_ignition_bringup/lib/pkgconfig/41068_ignition_bringup.pc'
[3.385s] Level 1:colcon.colcon_core.environment:checking '/home/student/RoboticsStudio1/install/41068_ignition_bringup/lib/python3.10/site-packages'
[3.384s] DEBUG:colcon.colcon_core.event_handler.log_command:Invoked command in '/home/student/RoboticsStudio1/build/41068_ignition_bringup' returned '0': CMAKE_PREFIX_PATH=${CMAKE_PREFIX_PATH}:/opt/ros/humble /usr/bin/cmake --install /home/student/RoboticsStudio1/build/41068_ignition_bringup
[3.386s] Level 1:colcon.colcon_core.environment:checking '/home/student/RoboticsStudio1/install/41068_ignition_bringup/bin'
[3.389s] INFO:colcon.colcon_core.shell:Creating package script '/home/student/RoboticsStudio1/install/41068_ignition_bringup/share/41068_ignition_bringup/package.ps1'
[3.394s] INFO:colcon.colcon_core.shell:Creating package descriptor '/home/student/RoboticsStudio1/install/41068_ignition_bringup/share/41068_ignition_bringup/package.dsv'
[3.400s] INFO:colcon.colcon_core.shell:Creating package script '/home/student/RoboticsStudio1/install/41068_ignition_bringup/share/41068_ignition_bringup/package.sh'
[3.404s] INFO:colcon.colcon_core.shell:Creating package script '/home/student/RoboticsStudio1/install/41068_ignition_bringup/share/41068_ignition_bringup/package.bash'
[3.415s] INFO:colcon.colcon_core.shell:Creating package script '/home/student/RoboticsStudio1/install/41068_ignition_bringup/share/41068_ignition_bringup/package.zsh'
[3.416s] Level 1:colcon.colcon_core.environment:create_file_with_runtime_dependencies(/home/student/RoboticsStudio1/install/41068_ignition_bringup/share/colcon-core/packages/41068_ignition_bringup)
[3.417s] Level 1:colcon.colcon_core.environment:create_environment_scripts_only(41068_ignition_bringup)
[3.419s] Level 1:colcon.colcon_core.environment:checking '/home/student/RoboticsStudio1/install/41068_ignition_bringup' for CMake module files
[3.423s] Level 1:colcon.colcon_core.environment:checking '/home/student/RoboticsStudio1/install/41068_ignition_bringup' for CMake config files
[3.424s] Level 1:colcon.colcon_core.shell:create_environment_hook('41068_ignition_bringup', 'cmake_prefix_path')
[3.424s] INFO:colcon.colcon_core.shell:Creating environment hook '/home/student/RoboticsStudio1/install/41068_ignition_bringup/share/41068_ignition_bringup/hook/cmake_prefix_path.ps1'
[3.425s] INFO:colcon.colcon_core.shell:Creating environment descriptor '/home/student/RoboticsStudio1/install/41068_ignition_bringup/share/41068_ignition_bringup/hook/cmake_prefix_path.dsv'
[3.427s] INFO:colcon.colcon_core.shell:Creating environment hook '/home/student/RoboticsStudio1/install/41068_ignition_bringup/share/41068_ignition_bringup/hook/cmake_prefix_path.sh'
[3.430s] Level 1:colcon.colcon_core.environment:checking '/home/student/RoboticsStudio1/install/41068_ignition_bringup/lib'
[3.431s] Level 1:colcon.colcon_core.environment:checking '/home/student/RoboticsStudio1/install/41068_ignition_bringup/bin'
[3.431s] Level 1:colcon.colcon_core.environment:checking '/home/student/RoboticsStudio1/install/41068_ignition_bringup/lib/pkgconfig/41068_ignition_bringup.pc'
[3.431s] Level 1:colcon.colcon_core.environment:checking '/home/student/RoboticsStudio1/install/41068_ignition_bringup/lib/python3.10/site-packages'
[3.432s] Level 1:colcon.colcon_core.environment:checking '/home/student/RoboticsStudio1/install/41068_ignition_bringup/bin'
[3.433s] INFO:colcon.colcon_core.shell:Creating package script '/home/student/RoboticsStudio1/install/41068_ignition_bringup/share/41068_ignition_bringup/package.ps1'
[3.433s] INFO:colcon.colcon_core.shell:Creating package descriptor '/home/student/RoboticsStudio1/install/41068_ignition_bringup/share/41068_ignition_bringup/package.dsv'
[3.434s] INFO:colcon.colcon_core.shell:Creating package script '/home/student/RoboticsStudio1/install/41068_ignition_bringup/share/41068_ignition_bringup/package.sh'
[3.435s] INFO:colcon.colcon_core.shell:Creating package script '/home/student/RoboticsStudio1/install/41068_ignition_bringup/share/41068_ignition_bringup/package.bash'
[3.436s] INFO:colcon.colcon_core.shell:Creating package script '/home/student/RoboticsStudio1/install/41068_ignition_bringup/share/41068_ignition_bringup/package.zsh'
[3.439s] Level 1:colcon.colcon_core.environment:create_file_with_runtime_dependencies(/home/student/RoboticsStudio1/install/41068_ignition_bringup/share/colcon-core/packages/41068_ignition_bringup)
[3.441s] DEBUG:colcon.colcon_parallel_executor.executor.parallel:closing loop
[3.441s] DEBUG:colcon.colcon_parallel_executor.executor.parallel:loop closed
[3.445s] DEBUG:colcon.colcon_parallel_executor.executor.parallel:run_until_complete finished with '0'
[3.445s] DEBUG:colcon.colcon_core.event_reactor:joining thread
[3.458s] INFO:colcon.colcon_core.plugin_system:Skipping extension 'colcon_notification.desktop_notification.terminal_notifier': Not used on non-Darwin systems
[3.458s] INFO:colcon.colcon_core.plugin_system:Skipping extension 'colcon_notification.desktop_notification.win32': Not used on non-Windows systems
[3.458s] INFO:colcon.colcon_notification.desktop_notification:Sending desktop notification using 'notify2'
[3.478s] DEBUG:colcon.colcon_core.event_reactor:joined thread
[3.481s] INFO:colcon.colcon_core.shell:Creating prefix script '/home/student/RoboticsStudio1/install/local_setup.ps1'
[3.486s] INFO:colcon.colcon_core.shell:Creating prefix util module '/home/student/RoboticsStudio1/install/_local_setup_util_ps1.py'
[3.495s] INFO:colcon.colcon_core.shell:Creating prefix chain script '/home/student/RoboticsStudio1/install/setup.ps1'
[3.497s] INFO:colcon.colcon_core.shell:Creating prefix script '/home/student/RoboticsStudio1/install/local_setup.sh'
[3.498s] INFO:colcon.colcon_core.shell:Creating prefix util module '/home/student/RoboticsStudio1/install/_local_setup_util_sh.py'
[3.500s] INFO:colcon.colcon_core.shell:Creating prefix chain script '/home/student/RoboticsStudio1/install/setup.sh'
[3.502s] INFO:colcon.colcon_core.shell:Creating prefix script '/home/student/RoboticsStudio1/install/local_setup.bash'
[3.502s] INFO:colcon.colcon_core.shell:Creating prefix chain script '/home/student/RoboticsStudio1/install/setup.bash'
[3.504s] INFO:colcon.colcon_core.shell:Creating prefix script '/home/student/RoboticsStudio1/install/local_setup.zsh'
[3.505s] INFO:colcon.colcon_core.shell:Creating prefix chain script '/home/student/RoboticsStudio1/install/setup.zsh'
