[0.014s] Invoking command in '/home/student/RoboticsStudio1/build/41068_ignition_bringup': CMAKE_PREFIX_PATH=/opt/ros/humble /usr/bin/cmake /home/student/RoboticsStudio1/src/41068_ignition_bringup -DCMAKE_INSTALL_PREFIX=/home/student/RoboticsStudio1/install/41068_ignition_bringup
[0.076s] -- The C compiler identification is GNU 11.4.0
[0.138s] -- The CXX compiler identification is GNU 11.4.0
[0.146s] -- Detecting C compiler ABI info
[0.223s] -- Detecting C compiler ABI info - done
[0.232s] -- Check for working C compiler: /usr/bin/cc - skipped
[0.232s] -- Detecting C compile features
[0.232s] -- Detecting C compile features - done
[0.236s] -- Detecting CXX compiler ABI info
[0.330s] -- Detecting CXX compiler ABI info - done
[0.338s] -- Check for working CXX compiler: /usr/bin/c++ - skipped
[0.338s] -- Detecting CXX compile features
[0.339s] -- Detecting CXX compile features - done
[0.342s] -- Found ament_cmake: 1.3.12 (/opt/ros/humble/share/ament_cmake/cmake)
[0.506s] -- Found Python3: /usr/bin/python3 (found version "3.10.12") found components: Interpreter 
[0.606s] -- Found ros_ign_interfaces: 0.244.20 (/opt/ros/humble/share/ros_ign_interfaces/cmake)
[0.647s] -- Found rosidl_generator_c: 3.1.7 (/opt/ros/humble/share/rosidl_generator_c/cmake)
[0.652s] -- Found rosidl_adapter: 3.1.7 (/opt/ros/humble/share/rosidl_adapter/cmake)
[0.662s] -- Found rosidl_generator_cpp: 3.1.7 (/opt/ros/humble/share/rosidl_generator_cpp/cmake)
[0.677s] -- Using all available rosidl_typesupport_c: rosidl_typesupport_fastrtps_c;rosidl_typesupport_introspection_c
[0.693s] -- Using all available rosidl_typesupport_cpp: rosidl_typesupport_fastrtps_cpp;rosidl_typesupport_introspection_cpp
[0.873s] WARNING: Package name "41068_ignition_bringup" does not follow the naming conventions. It should start with a lower case letter and only contain lower case letters, digits, underscores, and dashes.
[0.887s] -- Found ament_lint_auto: 0.12.14 (/opt/ros/humble/share/ament_lint_auto/cmake)
[0.944s] WARNING: Package name "41068_ignition_bringup" does not follow the naming conventions. It should start with a lower case letter and only contain lower case letters, digits, underscores, and dashes.
[0.976s] -- Added test 'copyright' to check source files copyright and LICENSE
[0.984s] -- Added test 'flake8' to check Python code syntax and style conventions
[0.985s] -- Added test 'lint_cmake' to check CMake code style
[0.986s] -- Added test 'pep257' to check Python code against some of the docstring style conventions in PEP 257
[0.990s] -- Added test 'xmllint' to check XML markup files
[0.991s] -- Configuring done
[0.998s] -- Generating done
[1.003s] -- Build files have been written to: /home/student/RoboticsStudio1/build/41068_ignition_bringup
[1.015s] Invoked command in '/home/student/RoboticsStudio1/build/41068_ignition_bringup' returned '0': CMAKE_PREFIX_PATH=/opt/ros/humble /usr/bin/cmake /home/student/RoboticsStudio1/src/41068_ignition_bringup -DCMAKE_INSTALL_PREFIX=/home/student/RoboticsStudio1/install/41068_ignition_bringup
[1.016s] Invoking command in '/home/student/RoboticsStudio1/build/41068_ignition_bringup': CMAKE_PREFIX_PATH=/opt/ros/humble /usr/bin/cmake --build /home/student/RoboticsStudio1/build/41068_ignition_bringup -- -j8 -l8
[1.083s] Built target ament_cmake_python_copy_subpackage_1
[1.361s] running egg_info
[1.361s] creating subpackage_1.egg-info
[1.361s] writing subpackage_1.egg-info/PKG-INFO
[1.361s] writing dependency_links to subpackage_1.egg-info/dependency_links.txt
[1.362s] writing top-level names to subpackage_1.egg-info/top_level.txt
[1.362s] writing manifest file 'subpackage_1.egg-info/SOURCES.txt'
[1.365s] reading manifest file 'subpackage_1.egg-info/SOURCES.txt'
[1.366s] writing manifest file 'subpackage_1.egg-info/SOURCES.txt'
[1.397s] Built target ament_cmake_python_build_subpackage_1_egg
[1.411s] Invoked command in '/home/student/RoboticsStudio1/build/41068_ignition_bringup' returned '0': CMAKE_PREFIX_PATH=/opt/ros/humble /usr/bin/cmake --build /home/student/RoboticsStudio1/build/41068_ignition_bringup -- -j8 -l8
[1.423s] Invoking command in '/home/student/RoboticsStudio1/build/41068_ignition_bringup': CMAKE_PREFIX_PATH=/opt/ros/humble /usr/bin/cmake --install /home/student/RoboticsStudio1/build/41068_ignition_bringup
[1.432s] -- Install configuration: ""
[1.432s] -- Installing: /home/student/RoboticsStudio1/install/41068_ignition_bringup/share/41068_ignition_bringup/environment/pythonpath.sh
[1.432s] -- Installing: /home/student/RoboticsStudio1/install/41068_ignition_bringup/share/41068_ignition_bringup/environment/pythonpath.dsv
[1.432s] -- Installing: /home/student/RoboticsStudio1/install/41068_ignition_bringup/local/lib/python3.10/dist-packages/subpackage_1-1.0.3-py3.10.egg-info
[1.432s] -- Installing: /home/student/RoboticsStudio1/install/41068_ignition_bringup/local/lib/python3.10/dist-packages/subpackage_1-1.0.3-py3.10.egg-info/PKG-INFO
[1.433s] -- Installing: /home/student/RoboticsStudio1/install/41068_ignition_bringup/local/lib/python3.10/dist-packages/subpackage_1-1.0.3-py3.10.egg-info/SOURCES.txt
[1.433s] -- Installing: /home/student/RoboticsStudio1/install/41068_ignition_bringup/local/lib/python3.10/dist-packages/subpackage_1-1.0.3-py3.10.egg-info/dependency_links.txt
[1.433s] -- Installing: /home/student/RoboticsStudio1/install/41068_ignition_bringup/local/lib/python3.10/dist-packages/subpackage_1-1.0.3-py3.10.egg-info/top_level.txt
[1.433s] -- Installing: /home/student/RoboticsStudio1/install/41068_ignition_bringup/local/lib/python3.10/dist-packages/subpackage_1
[1.433s] -- Installing: /home/student/RoboticsStudio1/install/41068_ignition_bringup/local/lib/python3.10/dist-packages/subpackage_1/filtered_lidar.py
[1.433s] -- Installing: /home/student/RoboticsStudio1/install/41068_ignition_bringup/local/lib/python3.10/dist-packages/subpackage_1/tree_detector.py
[1.433s] -- Installing: /home/student/RoboticsStudio1/install/41068_ignition_bringup/local/lib/python3.10/dist-packages/subpackage_1/__init__.py
[1.471s] Listing '/home/student/RoboticsStudio1/install/41068_ignition_bringup/local/lib/python3.10/dist-packages/subpackage_1'...
[1.471s] Compiling '/home/student/RoboticsStudio1/install/41068_ignition_bringup/local/lib/python3.10/dist-packages/subpackage_1/__init__.py'...
[1.471s] Compiling '/home/student/RoboticsStudio1/install/41068_ignition_bringup/local/lib/python3.10/dist-packages/subpackage_1/filtered_lidar.py'...
[1.471s] Compiling '/home/student/RoboticsStudio1/install/41068_ignition_bringup/local/lib/python3.10/dist-packages/subpackage_1/tree_detector.py'...
[1.476s] -- Installing: /home/student/RoboticsStudio1/install/41068_ignition_bringup/lib/41068_ignition_bringup/filtered_lidar.py
[1.477s] -- Installing: /home/student/RoboticsStudio1/install/41068_ignition_bringup/lib/41068_ignition_bringup/tree_detector.py
[1.477s] -- Installing: /home/student/RoboticsStudio1/install/41068_ignition_bringup/share/41068_ignition_bringup/config
[1.477s] -- Installing: /home/student/RoboticsStudio1/install/41068_ignition_bringup/share/41068_ignition_bringup/config/gazebo_bridge.yaml
[1.477s] -- Installing: /home/student/RoboticsStudio1/install/41068_ignition_bringup/share/41068_ignition_bringup/config/slam_params.yaml
[1.477s] -- Installing: /home/student/RoboticsStudio1/install/41068_ignition_bringup/share/41068_ignition_bringup/config/nav2_params.yaml
[1.477s] -- Installing: /home/student/RoboticsStudio1/install/41068_ignition_bringup/share/41068_ignition_bringup/config/robot_localization.yaml
[1.477s] -- Installing: /home/student/RoboticsStudio1/install/41068_ignition_bringup/share/41068_ignition_bringup/config/41068.rviz
[1.477s] -- Installing: /home/student/RoboticsStudio1/install/41068_ignition_bringup/share/41068_ignition_bringup/launch
[1.478s] -- Installing: /home/student/RoboticsStudio1/install/41068_ignition_bringup/share/41068_ignition_bringup/launch/41068_navigation.launch.py
[1.478s] -- Installing: /home/student/RoboticsStudio1/install/41068_ignition_bringup/share/41068_ignition_bringup/launch/41068_ignition.launch.py
[1.478s] -- Installing: /home/student/RoboticsStudio1/install/41068_ignition_bringup/share/41068_ignition_bringup/launch/41068_ignition_drone.launch.py
[1.478s] -- Installing: /home/student/RoboticsStudio1/install/41068_ignition_bringup/share/41068_ignition_bringup/models
[1.478s] -- Installing: /home/student/RoboticsStudio1/install/41068_ignition_bringup/share/41068_ignition_bringup/models/grass_plane
[1.478s] -- Installing: /home/student/RoboticsStudio1/install/41068_ignition_bringup/share/41068_ignition_bringup/models/grass_plane/model.config
[1.478s] -- Installing: /home/student/RoboticsStudio1/install/41068_ignition_bringup/share/41068_ignition_bringup/models/grass_plane/model.sdf
[1.479s] -- Installing: /home/student/RoboticsStudio1/install/41068_ignition_bringup/share/41068_ignition_bringup/models/grass_plane/materials
[1.479s] -- Installing: /home/student/RoboticsStudio1/install/41068_ignition_bringup/share/41068_ignition_bringup/models/grass_plane/materials/textures
[1.479s] -- Installing: /home/student/RoboticsStudio1/install/41068_ignition_bringup/share/41068_ignition_bringup/models/grass_plane/materials/textures/empty_grass.png
[1.486s] -- Installing: /home/student/RoboticsStudio1/install/41068_ignition_bringup/share/41068_ignition_bringup/models/forest_plane
[1.486s] -- Installing: /home/student/RoboticsStudio1/install/41068_ignition_bringup/share/41068_ignition_bringup/models/forest_plane/model.config
[1.486s] -- Installing: /home/student/RoboticsStudio1/install/41068_ignition_bringup/share/41068_ignition_bringup/models/forest_plane/model.sdf
[1.487s] -- Installing: /home/student/RoboticsStudio1/install/41068_ignition_bringup/share/41068_ignition_bringup/models/forest_plane/materials
[1.487s] -- Installing: /home/student/RoboticsStudio1/install/41068_ignition_bringup/share/41068_ignition_bringup/models/forest_plane/materials/textures
[1.487s] -- Installing: /home/student/RoboticsStudio1/install/41068_ignition_bringup/share/41068_ignition_bringup/models/forest_plane/materials/textures/forest_overhead.png
[1.491s] -- Installing: /home/student/RoboticsStudio1/install/41068_ignition_bringup/share/41068_ignition_bringup/models/forest_plane/materials/textures/empty_grass.png
[1.497s] -- Installing: /home/student/RoboticsStudio1/install/41068_ignition_bringup/share/41068_ignition_bringup/models/forest_plane/materials/textures/leaf_litter.png
[1.502s] -- Installing: /home/student/RoboticsStudio1/install/41068_ignition_bringup/share/41068_ignition_bringup/models/forest_wall
[1.502s] -- Installing: /home/student/RoboticsStudio1/install/41068_ignition_bringup/share/41068_ignition_bringup/models/forest_wall/model.config
[1.503s] -- Installing: /home/student/RoboticsStudio1/install/41068_ignition_bringup/share/41068_ignition_bringup/models/forest_wall/model.sdf
[1.503s] -- Installing: /home/student/RoboticsStudio1/install/41068_ignition_bringup/share/41068_ignition_bringup/models/forest_wall/materials
[1.503s] -- Installing: /home/student/RoboticsStudio1/install/41068_ignition_bringup/share/41068_ignition_bringup/models/forest_wall/materials/textures
[1.503s] -- Installing: /home/student/RoboticsStudio1/install/41068_ignition_bringup/share/41068_ignition_bringup/models/forest_wall/materials/textures/forest_wall_transparent.png
[1.506s] -- Installing: /home/student/RoboticsStudio1/install/41068_ignition_bringup/share/41068_ignition_bringup/models/forest_wall/materials/textures/forest_wall_transparent_small.png
[1.506s] -- Installing: /home/student/RoboticsStudio1/install/41068_ignition_bringup/share/41068_ignition_bringup/models/forest_wall/materials/textures/forest_wall.png
[1.510s] -- Installing: /home/student/RoboticsStudio1/install/41068_ignition_bringup/share/41068_ignition_bringup/urdf
[1.510s] -- Installing: /home/student/RoboticsStudio1/install/41068_ignition_bringup/share/41068_ignition_bringup/urdf/common_properties.urdf.xacro
[1.510s] -- Installing: /home/student/RoboticsStudio1/install/41068_ignition_bringup/share/41068_ignition_bringup/urdf/meshes
[1.510s] -- Installing: /home/student/RoboticsStudio1/install/41068_ignition_bringup/share/41068_ignition_bringup/urdf/meshes/top_plate.dae
[1.510s] -- Installing: /home/student/RoboticsStudio1/install/41068_ignition_bringup/share/41068_ignition_bringup/urdf/meshes/bumper.dae
[1.511s] -- Installing: /home/student/RoboticsStudio1/install/41068_ignition_bringup/share/41068_ignition_bringup/urdf/meshes/base_link.dae
[1.511s] -- Installing: /home/student/RoboticsStudio1/install/41068_ignition_bringup/share/41068_ignition_bringup/urdf/meshes/jpl04_arch_nosensor.stl
[1.512s] -- Installing: /home/student/RoboticsStudio1/install/41068_ignition_bringup/share/41068_ignition_bringup/urdf/meshes/top_chassis.dae
[1.514s] -- Installing: /home/student/RoboticsStudio1/install/41068_ignition_bringup/share/41068_ignition_bringup/urdf/meshes/wheel.dae
[1.517s] -- Installing: /home/student/RoboticsStudio1/install/41068_ignition_bringup/share/41068_ignition_bringup/urdf/wheel.urdf.xacro
[1.517s] -- Installing: /home/student/RoboticsStudio1/install/41068_ignition_bringup/share/41068_ignition_bringup/urdf/husky.urdf.xacro
[1.517s] -- Installing: /home/student/RoboticsStudio1/install/41068_ignition_bringup/share/41068_ignition_bringup/urdf/husky.gazebo.xacro
[1.517s] -- Installing: /home/student/RoboticsStudio1/install/41068_ignition_bringup/share/41068_ignition_bringup/worlds
[1.517s] -- Installing: /home/student/RoboticsStudio1/install/41068_ignition_bringup/share/41068_ignition_bringup/worlds/simple_trees.sdf
[1.517s] -- Installing: /home/student/RoboticsStudio1/install/41068_ignition_bringup/share/41068_ignition_bringup/worlds/large_demo.sdf
[1.518s] -- Installing: /home/student/RoboticsStudio1/install/41068_ignition_bringup/share/41068_ignition_bringup/urdf_drone
[1.518s] -- Installing: /home/student/RoboticsStudio1/install/41068_ignition_bringup/share/41068_ignition_bringup/urdf_drone/model.config
[1.518s] -- Installing: /home/student/RoboticsStudio1/install/41068_ignition_bringup/share/41068_ignition_bringup/urdf_drone/model.sdf
[1.518s] -- Installing: /home/student/RoboticsStudio1/install/41068_ignition_bringup/share/41068_ignition_bringup/urdf_drone/common_properties.urdf.xacro
[1.518s] -- Installing: /home/student/RoboticsStudio1/install/41068_ignition_bringup/share/41068_ignition_bringup/urdf_drone/thumbnails
[1.518s] -- Installing: /home/student/RoboticsStudio1/install/41068_ignition_bringup/share/41068_ignition_bringup/urdf_drone/thumbnails/4.png
[1.518s] -- Installing: /home/student/RoboticsStudio1/install/41068_ignition_bringup/share/41068_ignition_bringup/urdf_drone/thumbnails/2.png
[1.518s] -- Installing: /home/student/RoboticsStudio1/install/41068_ignition_bringup/share/41068_ignition_bringup/urdf_drone/thumbnails/5.png
[1.518s] -- Installing: /home/student/RoboticsStudio1/install/41068_ignition_bringup/share/41068_ignition_bringup/urdf_drone/thumbnails/1.png
[1.519s] -- Installing: /home/student/RoboticsStudio1/install/41068_ignition_bringup/share/41068_ignition_bringup/urdf_drone/thumbnails/3.png
[1.519s] -- Installing: /home/student/RoboticsStudio1/install/41068_ignition_bringup/share/41068_ignition_bringup/urdf_drone/meshes
[1.519s] -- Installing: /home/student/RoboticsStudio1/install/41068_ignition_bringup/share/41068_ignition_bringup/urdf_drone/meshes/propeller_fr.dae
[1.519s] -- Installing: /home/student/RoboticsStudio1/install/41068_ignition_bringup/share/41068_ignition_bringup/urdf_drone/meshes/propeller_fl.dae
[1.519s] -- Installing: /home/student/RoboticsStudio1/install/41068_ignition_bringup/share/41068_ignition_bringup/urdf_drone/meshes/propeller_rl.dae
[1.520s] -- Installing: /home/student/RoboticsStudio1/install/41068_ignition_bringup/share/41068_ignition_bringup/urdf_drone/meshes/hull.dae
[1.524s] -- Installing: /home/student/RoboticsStudio1/install/41068_ignition_bringup/share/41068_ignition_bringup/urdf_drone/meshes/propeller_rr.dae
[1.524s] -- Installing: /home/student/RoboticsStudio1/install/41068_ignition_bringup/share/41068_ignition_bringup/urdf_drone/parrot.gazebo.xacro
[1.524s] -- Installing: /home/student/RoboticsStudio1/install/41068_ignition_bringup/share/41068_ignition_bringup/urdf_drone/parrot.urdf.xacro
[1.524s] -- Installing: /home/student/RoboticsStudio1/install/41068_ignition_bringup/share/ament_index/resource_index/package_run_dependencies/41068_ignition_bringup
[1.525s] -- Installing: /home/student/RoboticsStudio1/install/41068_ignition_bringup/share/ament_index/resource_index/parent_prefix_path/41068_ignition_bringup
[1.525s] -- Installing: /home/student/RoboticsStudio1/install/41068_ignition_bringup/share/41068_ignition_bringup/environment/ament_prefix_path.sh
[1.525s] -- Installing: /home/student/RoboticsStudio1/install/41068_ignition_bringup/share/41068_ignition_bringup/environment/ament_prefix_path.dsv
[1.525s] -- Installing: /home/student/RoboticsStudio1/install/41068_ignition_bringup/share/41068_ignition_bringup/environment/path.sh
[1.525s] -- Installing: /home/student/RoboticsStudio1/install/41068_ignition_bringup/share/41068_ignition_bringup/environment/path.dsv
[1.525s] -- Installing: /home/student/RoboticsStudio1/install/41068_ignition_bringup/share/41068_ignition_bringup/local_setup.bash
[1.525s] -- Installing: /home/student/RoboticsStudio1/install/41068_ignition_bringup/share/41068_ignition_bringup/local_setup.sh
[1.526s] -- Installing: /home/student/RoboticsStudio1/install/41068_ignition_bringup/share/41068_ignition_bringup/local_setup.zsh
[1.526s] -- Installing: /home/student/RoboticsStudio1/install/41068_ignition_bringup/share/41068_ignition_bringup/local_setup.dsv
[1.526s] -- Installing: /home/student/RoboticsStudio1/install/41068_ignition_bringup/share/41068_ignition_bringup/package.dsv
[1.526s] -- Installing: /home/student/RoboticsStudio1/install/41068_ignition_bringup/share/ament_index/resource_index/packages/41068_ignition_bringup
[1.526s] -- Installing: /home/student/RoboticsStudio1/install/41068_ignition_bringup/share/41068_ignition_bringup/cmake/41068_ignition_bringupConfig.cmake
[1.526s] -- Installing: /home/student/RoboticsStudio1/install/41068_ignition_bringup/share/41068_ignition_bringup/cmake/41068_ignition_bringupConfig-version.cmake
[1.526s] -- Installing: /home/student/RoboticsStudio1/install/41068_ignition_bringup/share/41068_ignition_bringup/package.xml
[1.530s] Invoked command in '/home/student/RoboticsStudio1/build/41068_ignition_bringup' returned '0': CMAKE_PREFIX_PATH=/opt/ros/humble /usr/bin/cmake --install /home/student/RoboticsStudio1/build/41068_ignition_bringup
