[0.315s] DEBUG:colcon:Command line arguments: ['/usr/bin/colcon', 'build']
[0.315s] DEBUG:colcon:Parsed command line arguments: Namespace(log_base=None, log_level=None, verb_name='build', build_base='build', install_base='install', merge_install=False, symlink_install=False, test_result_base=None, continue_on_error=False, executor='parallel', parallel_workers=8, event_handlers=None, ignore_user_meta=False, metas=['./colcon.meta'], base_paths=['.'], packages_ignore=None, packages_ignore_regex=None, paths=None, packages_up_to=None, packages_up_to_regex=None, packages_above=None, packages_above_and_dependencies=None, packages_above_depth=None, packages_select_by_dep=None, packages_skip_by_dep=None, packages_skip_up_to=None, packages_select_build_failed=False, packages_skip_build_finished=False, packages_select_test_failures=False, packages_skip_test_passed=False, packages_select=None, packages_skip=None, packages_select_regex=None, packages_skip_regex=None, packages_start=None, packages_end=None, allow_overriding=[], cmake_args=None, cmake_target=None, cmake_target_skip_unavailable=False, cmake_clean_cache=False, cmake_clean_first=False, cmake_force_configure=False, ament_cmake_args=None, catkin_cmake_args=None, catkin_skip_building_tests=False, mixin_files=None, mixin=None, verb_parser=<colcon_mixin.mixin.mixin_argument.MixinArgumentDecorator object at 0x73a698c2e200>, verb_extension=<colcon_core.verb.build.BuildVerb object at 0x73a698c2d7e0>, main=<bound method BuildVerb.main of <colcon_core.verb.build.BuildVerb object at 0x73a698c2d7e0>>, mixin_verb=('build',))
[0.528s] Level 1:colcon.colcon_core.package_discovery:discover_packages(colcon_meta) check parameters
[0.528s] Level 1:colcon.colcon_core.package_discovery:discover_packages(recursive) check parameters
[0.528s] Level 1:colcon.colcon_core.package_discovery:discover_packages(ignore) check parameters
[0.528s] Level 1:colcon.colcon_core.package_discovery:discover_packages(path) check parameters
[0.528s] Level 1:colcon.colcon_core.package_discovery:discover_packages(colcon_meta) discover
[0.528s] Level 1:colcon.colcon_core.package_discovery:discover_packages(recursive) discover
[0.528s] INFO:colcon.colcon_core.package_discovery:Crawling recursively for packages in '/home/student/RoboticsStudio1'
[0.529s] Level 1:colcon.colcon_core.package_identification:_identify(.) by extensions ['ignore', 'ignore_ament_install']
[0.529s] Level 1:colcon.colcon_core.package_identification:_identify(.) by extension 'ignore'
[0.529s] Level 1:colcon.colcon_core.package_identification:_identify(.) by extension 'ignore_ament_install'
[0.529s] Level 1:colcon.colcon_core.package_identification:_identify(.) by extensions ['colcon_pkg']
[0.529s] Level 1:colcon.colcon_core.package_identification:_identify(.) by extension 'colcon_pkg'
[0.529s] Level 1:colcon.colcon_core.package_identification:_identify(.) by extensions ['colcon_meta']
[0.529s] Level 1:colcon.colcon_core.package_identification:_identify(.) by extension 'colcon_meta'
[0.529s] Level 1:colcon.colcon_core.package_identification:_identify(.) by extensions ['ros']
[0.529s] Level 1:colcon.colcon_core.package_identification:_identify(.) by extension 'ros'
[0.542s] Level 1:colcon.colcon_core.package_identification:_identify(.) by extensions ['cmake', 'python']
[0.542s] Level 1:colcon.colcon_core.package_identification:_identify(.) by extension 'cmake'
[0.542s] Level 1:colcon.colcon_core.package_identification:_identify(.) by extension 'python'
[0.542s] Level 1:colcon.colcon_core.package_identification:_identify(.) by extensions ['python_setup_py']
[0.542s] Level 1:colcon.colcon_core.package_identification:_identify(.) by extension 'python_setup_py'
[0.542s] Level 1:colcon.colcon_core.package_identification:_identify(build) by extensions ['ignore', 'ignore_ament_install']
[0.542s] Level 1:colcon.colcon_core.package_identification:_identify(build) by extension 'ignore'
[0.542s] Level 1:colcon.colcon_core.package_identification:_identify(build) ignored
[0.542s] Level 1:colcon.colcon_core.package_identification:_identify(install) by extensions ['ignore', 'ignore_ament_install']
[0.543s] Level 1:colcon.colcon_core.package_identification:_identify(install) by extension 'ignore'
[0.543s] Level 1:colcon.colcon_core.package_identification:_identify(install) ignored
[0.543s] Level 1:colcon.colcon_core.package_identification:_identify(log) by extensions ['ignore', 'ignore_ament_install']
[0.543s] Level 1:colcon.colcon_core.package_identification:_identify(log) by extension 'ignore'
[0.543s] Level 1:colcon.colcon_core.package_identification:_identify(log) ignored
[0.543s] Level 1:colcon.colcon_core.package_identification:_identify(src) by extensions ['ignore', 'ignore_ament_install']
[0.543s] Level 1:colcon.colcon_core.package_identification:_identify(src) by extension 'ignore'
[0.543s] Level 1:colcon.colcon_core.package_identification:_identify(src) by extension 'ignore_ament_install'
[0.543s] Level 1:colcon.colcon_core.package_identification:_identify(src) by extensions ['colcon_pkg']
[0.543s] Level 1:colcon.colcon_core.package_identification:_identify(src) by extension 'colcon_pkg'
[0.543s] Level 1:colcon.colcon_core.package_identification:_identify(src) by extensions ['colcon_meta']
[0.543s] Level 1:colcon.colcon_core.package_identification:_identify(src) by extension 'colcon_meta'
[0.543s] Level 1:colcon.colcon_core.package_identification:_identify(src) by extensions ['ros']
[0.543s] Level 1:colcon.colcon_core.package_identification:_identify(src) by extension 'ros'
[0.544s] Level 1:colcon.colcon_core.package_identification:_identify(src) by extensions ['cmake', 'python']
[0.544s] Level 1:colcon.colcon_core.package_identification:_identify(src) by extension 'cmake'
[0.544s] Level 1:colcon.colcon_core.package_identification:_identify(src) by extension 'python'
[0.544s] Level 1:colcon.colcon_core.package_identification:_identify(src) by extensions ['python_setup_py']
[0.544s] Level 1:colcon.colcon_core.package_identification:_identify(src) by extension 'python_setup_py'
[0.544s] Level 1:colcon.colcon_core.package_identification:_identify(src/41068_ignition_bringup) by extensions ['ignore', 'ignore_ament_install']
[0.544s] Level 1:colcon.colcon_core.package_identification:_identify(src/41068_ignition_bringup) by extension 'ignore'
[0.544s] Level 1:colcon.colcon_core.package_identification:_identify(src/41068_ignition_bringup) by extension 'ignore_ament_install'
[0.544s] Level 1:colcon.colcon_core.package_identification:_identify(src/41068_ignition_bringup) by extensions ['colcon_pkg']
[0.544s] Level 1:colcon.colcon_core.package_identification:_identify(src/41068_ignition_bringup) by extension 'colcon_pkg'
[0.544s] Level 1:colcon.colcon_core.package_identification:_identify(src/41068_ignition_bringup) by extensions ['colcon_meta']
[0.544s] Level 1:colcon.colcon_core.package_identification:_identify(src/41068_ignition_bringup) by extension 'colcon_meta'
[0.544s] Level 1:colcon.colcon_core.package_identification:_identify(src/41068_ignition_bringup) by extensions ['ros']
[0.544s] Level 1:colcon.colcon_core.package_identification:_identify(src/41068_ignition_bringup) by extension 'ros'
[0.549s] DEBUG:colcon.colcon_core.package_identification:Package 'src/41068_ignition_bringup' with type 'ros.ament_cmake' and name '41068_ignition_bringup'
[0.550s] Level 1:colcon.colcon_core.package_discovery:discover_packages(recursive) using defaults
[0.550s] Level 1:colcon.colcon_core.package_discovery:discover_packages(ignore) discover
[0.550s] Level 1:colcon.colcon_core.package_discovery:discover_packages(ignore) using defaults
[0.550s] Level 1:colcon.colcon_core.package_discovery:discover_packages(path) discover
[0.550s] Level 1:colcon.colcon_core.package_discovery:discover_packages(path) using defaults
[0.599s] Level 1:colcon.colcon_core.package_discovery:discover_packages(prefix_path) check parameters
[0.599s] Level 1:colcon.colcon_core.package_discovery:discover_packages(prefix_path) discover
[0.625s] DEBUG:colcon.colcon_installed_package_information.package_discovery:Found 0 installed packages in /home/student/ros2_ws/install
[0.628s] DEBUG:colcon.colcon_installed_package_information.package_discovery:Found 424 installed packages in /opt/ros/humble
[0.630s] Level 1:colcon.colcon_core.package_discovery:discover_packages(prefix_path) using defaults
[0.711s] Level 5:colcon.colcon_core.verb:set package '41068_ignition_bringup' build argument 'cmake_args' from command line to 'None'
[0.711s] Level 5:colcon.colcon_core.verb:set package '41068_ignition_bringup' build argument 'cmake_target' from command line to 'None'
[0.711s] Level 5:colcon.colcon_core.verb:set package '41068_ignition_bringup' build argument 'cmake_target_skip_unavailable' from command line to 'False'
[0.711s] Level 5:colcon.colcon_core.verb:set package '41068_ignition_bringup' build argument 'cmake_clean_cache' from command line to 'False'
[0.711s] Level 5:colcon.colcon_core.verb:set package '41068_ignition_bringup' build argument 'cmake_clean_first' from command line to 'False'
[0.711s] Level 5:colcon.colcon_core.verb:set package '41068_ignition_bringup' build argument 'cmake_force_configure' from command line to 'False'
[0.711s] Level 5:colcon.colcon_core.verb:set package '41068_ignition_bringup' build argument 'ament_cmake_args' from command line to 'None'
[0.711s] Level 5:colcon.colcon_core.verb:set package '41068_ignition_bringup' build argument 'catkin_cmake_args' from command line to 'None'
[0.711s] Level 5:colcon.colcon_core.verb:set package '41068_ignition_bringup' build argument 'catkin_skip_building_tests' from command line to 'False'
[0.711s] DEBUG:colcon.colcon_core.verb:Building package '41068_ignition_bringup' with the following arguments: {'ament_cmake_args': None, 'build_base': '/home/student/RoboticsStudio1/build/41068_ignition_bringup', 'catkin_cmake_args': None, 'catkin_skip_building_tests': False, 'cmake_args': None, 'cmake_clean_cache': False, 'cmake_clean_first': False, 'cmake_force_configure': False, 'cmake_target': None, 'cmake_target_skip_unavailable': False, 'install_base': '/home/student/RoboticsStudio1/install/41068_ignition_bringup', 'merge_install': False, 'path': '/home/student/RoboticsStudio1/src/41068_ignition_bringup', 'symlink_install': False, 'test_result_base': None}
[0.711s] INFO:colcon.colcon_core.executor:Executing jobs using 'parallel' executor
[0.712s] DEBUG:colcon.colcon_parallel_executor.executor.parallel:run_until_complete
[0.713s] INFO:colcon.colcon_ros.task.ament_cmake.build:Building ROS package in '/home/student/RoboticsStudio1/src/41068_ignition_bringup' with build type 'ament_cmake'
[0.713s] INFO:colcon.colcon_cmake.task.cmake.build:Building CMake package in '/home/student/RoboticsStudio1/src/41068_ignition_bringup'
[0.752s] INFO:colcon.colcon_core.plugin_system:Skipping extension 'colcon_core.shell.bat': Not used on non-Windows systems
[0.752s] INFO:colcon.colcon_core.shell:Skip shell extension 'powershell' for command environment: Not usable outside of PowerShell
[0.753s] DEBUG:colcon.colcon_core.shell:Skip shell extension 'dsv' for command environment
[0.768s] DEBUG:colcon.colcon_core.event_handler.log_command:Invoking command in '/home/student/RoboticsStudio1/build/41068_ignition_bringup': CMAKE_PREFIX_PATH=/opt/ros/humble /usr/bin/cmake /home/student/RoboticsStudio1/src/41068_ignition_bringup -DCMAKE_INSTALL_PREFIX=/home/student/RoboticsStudio1/install/41068_ignition_bringup
[5.224s] DEBUG:colcon.colcon_core.event_handler.log_command:Invoked command in '/home/student/RoboticsStudio1/build/41068_ignition_bringup' returned '0': CMAKE_PREFIX_PATH=/opt/ros/humble /usr/bin/cmake /home/student/RoboticsStudio1/src/41068_ignition_bringup -DCMAKE_INSTALL_PREFIX=/home/student/RoboticsStudio1/install/41068_ignition_bringup
[5.227s] DEBUG:colcon.colcon_core.event_handler.log_command:Invoking command in '/home/student/RoboticsStudio1/build/41068_ignition_bringup': CMAKE_PREFIX_PATH=/opt/ros/humble /usr/bin/cmake --build /home/student/RoboticsStudio1/build/41068_ignition_bringup -- -j8 -l8
[5.697s] DEBUG:colcon.colcon_core.event_handler.log_command:Invoked command in '/home/student/RoboticsStudio1/build/41068_ignition_bringup' returned '0': CMAKE_PREFIX_PATH=/opt/ros/humble /usr/bin/cmake --build /home/student/RoboticsStudio1/build/41068_ignition_bringup -- -j8 -l8
[5.710s] DEBUG:colcon.colcon_core.event_handler.log_command:Invoking command in '/home/student/RoboticsStudio1/build/41068_ignition_bringup': CMAKE_PREFIX_PATH=/opt/ros/humble /usr/bin/cmake --install /home/student/RoboticsStudio1/build/41068_ignition_bringup
[6.591s] Level 1:colcon.colcon_core.environment:create_environment_scripts_only(41068_ignition_bringup)
[6.592s] DEBUG:colcon.colcon_core.event_handler.log_command:Invoked command in '/home/student/RoboticsStudio1/build/41068_ignition_bringup' returned '0': CMAKE_PREFIX_PATH=/opt/ros/humble /usr/bin/cmake --install /home/student/RoboticsStudio1/build/41068_ignition_bringup
[6.661s] Level 1:colcon.colcon_core.environment:checking '/home/student/RoboticsStudio1/install/41068_ignition_bringup' for CMake module files
[6.662s] Level 1:colcon.colcon_core.environment:checking '/home/student/RoboticsStudio1/install/41068_ignition_bringup' for CMake config files
[6.662s] Level 1:colcon.colcon_core.shell:create_environment_hook('41068_ignition_bringup', 'cmake_prefix_path')
[6.662s] INFO:colcon.colcon_core.shell:Creating environment hook '/home/student/RoboticsStudio1/install/41068_ignition_bringup/share/41068_ignition_bringup/hook/cmake_prefix_path.ps1'
[6.669s] INFO:colcon.colcon_core.shell:Creating environment descriptor '/home/student/RoboticsStudio1/install/41068_ignition_bringup/share/41068_ignition_bringup/hook/cmake_prefix_path.dsv'
[6.673s] INFO:colcon.colcon_core.shell:Creating environment hook '/home/student/RoboticsStudio1/install/41068_ignition_bringup/share/41068_ignition_bringup/hook/cmake_prefix_path.sh'
[6.677s] Level 1:colcon.colcon_core.environment:checking '/home/student/RoboticsStudio1/install/41068_ignition_bringup/lib'
[6.677s] Level 1:colcon.colcon_core.environment:checking '/home/student/RoboticsStudio1/install/41068_ignition_bringup/bin'
[6.677s] Level 1:colcon.colcon_core.environment:checking '/home/student/RoboticsStudio1/install/41068_ignition_bringup/lib/pkgconfig/41068_ignition_bringup.pc'
[6.677s] Level 1:colcon.colcon_core.environment:checking '/home/student/RoboticsStudio1/install/41068_ignition_bringup/lib/python3.10/site-packages'
[6.678s] Level 1:colcon.colcon_core.environment:checking '/home/student/RoboticsStudio1/install/41068_ignition_bringup/bin'
[6.678s] INFO:colcon.colcon_core.shell:Creating package script '/home/student/RoboticsStudio1/install/41068_ignition_bringup/share/41068_ignition_bringup/package.ps1'
[6.684s] INFO:colcon.colcon_core.shell:Creating package descriptor '/home/student/RoboticsStudio1/install/41068_ignition_bringup/share/41068_ignition_bringup/package.dsv'
[6.688s] INFO:colcon.colcon_core.shell:Creating package script '/home/student/RoboticsStudio1/install/41068_ignition_bringup/share/41068_ignition_bringup/package.sh'
[6.691s] INFO:colcon.colcon_core.shell:Creating package script '/home/student/RoboticsStudio1/install/41068_ignition_bringup/share/41068_ignition_bringup/package.bash'
[6.700s] INFO:colcon.colcon_core.shell:Creating package script '/home/student/RoboticsStudio1/install/41068_ignition_bringup/share/41068_ignition_bringup/package.zsh'
[6.706s] Level 1:colcon.colcon_core.environment:create_file_with_runtime_dependencies(/home/student/RoboticsStudio1/install/41068_ignition_bringup/share/colcon-core/packages/41068_ignition_bringup)
[6.707s] Level 1:colcon.colcon_core.environment:create_environment_scripts_only(41068_ignition_bringup)
[6.707s] Level 1:colcon.colcon_core.environment:checking '/home/student/RoboticsStudio1/install/41068_ignition_bringup' for CMake module files
[6.708s] Level 1:colcon.colcon_core.environment:checking '/home/student/RoboticsStudio1/install/41068_ignition_bringup' for CMake config files
[6.708s] Level 1:colcon.colcon_core.shell:create_environment_hook('41068_ignition_bringup', 'cmake_prefix_path')
[6.709s] INFO:colcon.colcon_core.shell:Creating environment hook '/home/student/RoboticsStudio1/install/41068_ignition_bringup/share/41068_ignition_bringup/hook/cmake_prefix_path.ps1'
[6.709s] INFO:colcon.colcon_core.shell:Creating environment descriptor '/home/student/RoboticsStudio1/install/41068_ignition_bringup/share/41068_ignition_bringup/hook/cmake_prefix_path.dsv'
[6.710s] INFO:colcon.colcon_core.shell:Creating environment hook '/home/student/RoboticsStudio1/install/41068_ignition_bringup/share/41068_ignition_bringup/hook/cmake_prefix_path.sh'
[6.710s] Level 1:colcon.colcon_core.environment:checking '/home/student/RoboticsStudio1/install/41068_ignition_bringup/lib'
[6.710s] Level 1:colcon.colcon_core.environment:checking '/home/student/RoboticsStudio1/install/41068_ignition_bringup/bin'
[6.710s] Level 1:colcon.colcon_core.environment:checking '/home/student/RoboticsStudio1/install/41068_ignition_bringup/lib/pkgconfig/41068_ignition_bringup.pc'
[6.711s] Level 1:colcon.colcon_core.environment:checking '/home/student/RoboticsStudio1/install/41068_ignition_bringup/lib/python3.10/site-packages'
[6.711s] Level 1:colcon.colcon_core.environment:checking '/home/student/RoboticsStudio1/install/41068_ignition_bringup/bin'
[6.711s] INFO:colcon.colcon_core.shell:Creating package script '/home/student/RoboticsStudio1/install/41068_ignition_bringup/share/41068_ignition_bringup/package.ps1'
[6.712s] INFO:colcon.colcon_core.shell:Creating package descriptor '/home/student/RoboticsStudio1/install/41068_ignition_bringup/share/41068_ignition_bringup/package.dsv'
[6.712s] INFO:colcon.colcon_core.shell:Creating package script '/home/student/RoboticsStudio1/install/41068_ignition_bringup/share/41068_ignition_bringup/package.sh'
[6.713s] INFO:colcon.colcon_core.shell:Creating package script '/home/student/RoboticsStudio1/install/41068_ignition_bringup/share/41068_ignition_bringup/package.bash'
[6.713s] INFO:colcon.colcon_core.shell:Creating package script '/home/student/RoboticsStudio1/install/41068_ignition_bringup/share/41068_ignition_bringup/package.zsh'
[6.714s] Level 1:colcon.colcon_core.environment:create_file_with_runtime_dependencies(/home/student/RoboticsStudio1/install/41068_ignition_bringup/share/colcon-core/packages/41068_ignition_bringup)
[6.714s] DEBUG:colcon.colcon_parallel_executor.executor.parallel:closing loop
[6.715s] DEBUG:colcon.colcon_parallel_executor.executor.parallel:loop closed
[6.715s] DEBUG:colcon.colcon_parallel_executor.executor.parallel:run_until_complete finished with '0'
[6.715s] DEBUG:colcon.colcon_core.event_reactor:joining thread
[6.746s] INFO:colcon.colcon_core.plugin_system:Skipping extension 'colcon_notification.desktop_notification.terminal_notifier': Not used on non-Darwin systems
[6.746s] INFO:colcon.colcon_core.plugin_system:Skipping extension 'colcon_notification.desktop_notification.win32': Not used on non-Windows systems
[6.747s] INFO:colcon.colcon_notification.desktop_notification:Sending desktop notification using 'notify2'
[6.770s] DEBUG:colcon.colcon_core.event_reactor:joined thread
[6.771s] INFO:colcon.colcon_core.shell:Creating prefix script '/home/student/RoboticsStudio1/install/local_setup.ps1'
[6.777s] INFO:colcon.colcon_core.shell:Creating prefix util module '/home/student/RoboticsStudio1/install/_local_setup_util_ps1.py'
[6.783s] INFO:colcon.colcon_core.shell:Creating prefix chain script '/home/student/RoboticsStudio1/install/setup.ps1'
[6.789s] INFO:colcon.colcon_core.shell:Creating prefix script '/home/student/RoboticsStudio1/install/local_setup.sh'
[6.793s] INFO:colcon.colcon_core.shell:Creating prefix util module '/home/student/RoboticsStudio1/install/_local_setup_util_sh.py'
[6.793s] INFO:colcon.colcon_core.shell:Creating prefix chain script '/home/student/RoboticsStudio1/install/setup.sh'
[6.807s] INFO:colcon.colcon_core.shell:Creating prefix script '/home/student/RoboticsStudio1/install/local_setup.bash'
[6.813s] INFO:colcon.colcon_core.shell:Creating prefix chain script '/home/student/RoboticsStudio1/install/setup.bash'
[6.819s] INFO:colcon.colcon_core.shell:Creating prefix script '/home/student/RoboticsStudio1/install/local_setup.zsh'
[6.824s] INFO:colcon.colcon_core.shell:Creating prefix chain script '/home/student/RoboticsStudio1/install/setup.zsh'
