[0.014s] Invoking command in '/home/student/RoboticsStudio1/build/41068_ignition_bringup': CMAKE_PREFIX_PATH=/opt/ros/humble /usr/bin/cmake /home/student/RoboticsStudio1/src/41068_ignition_bringup -DCMAKE_INSTALL_PREFIX=/home/student/RoboticsStudio1/install/41068_ignition_bringup
[1.540s] -- The C compiler identification is GNU 11.4.0
[2.507s] -- The CXX compiler identification is GNU 11.4.0
[2.674s] -- Detecting C compiler ABI info
[2.886s] -- Detecting C compiler ABI info - done
[2.894s] -- Check for working C compiler: /usr/bin/cc - skipped
[2.899s] -- Detecting C compile features
[2.909s] -- Detecting C compile features - done
[2.932s] -- Detecting CXX compiler ABI info
[3.067s] -- Detecting CXX compiler ABI info - done
[3.075s] -- Check for working CXX compiler: /usr/bin/c++ - skipped
[3.075s] -- Detecting CXX compile features
[3.076s] -- Detecting CXX compile features - done
[3.195s] -- Found ament_cmake: 1.3.12 (/opt/ros/humble/share/ament_cmake/cmake)
[3.445s] -- Found Python3: /usr/bin/python3 (found version "3.10.12") found components: Interpreter 
[3.868s] -- Found ros_ign_interfaces: 0.244.20 (/opt/ros/humble/share/ros_ign_interfaces/cmake)
[4.205s] -- Found rosidl_generator_c: 3.1.7 (/opt/ros/humble/share/rosidl_generator_c/cmake)
[4.246s] -- Found rosidl_adapter: 3.1.7 (/opt/ros/humble/share/rosidl_adapter/cmake)
[4.332s] -- Found rosidl_generator_cpp: 3.1.7 (/opt/ros/humble/share/rosidl_generator_cpp/cmake)
[4.478s] -- Using all available rosidl_typesupport_c: rosidl_typesupport_fastrtps_c;rosidl_typesupport_introspection_c
[4.601s] -- Using all available rosidl_typesupport_cpp: rosidl_typesupport_fastrtps_cpp;rosidl_typesupport_introspection_cpp
[5.244s] -- Found ament_lint_auto: 0.12.14 (/opt/ros/humble/share/ament_lint_auto/cmake)
[5.308s] WARNING: Package name "41068_ignition_bringup" does not follow the naming conventions. It should start with a lower case letter and only contain lower case letters, digits, underscores, and dashes.
[5.483s] -- Added test 'copyright' to check source files copyright and LICENSE
[5.523s] -- Added test 'flake8' to check Python code syntax and style conventions
[5.531s] -- Added test 'lint_cmake' to check CMake code style
[5.536s] -- Added test 'pep257' to check Python code against some of the docstring style conventions in PEP 257
[5.559s] -- Added test 'xmllint' to check XML markup files
[5.564s] -- Configuring done
[5.569s] -- Generating done
[5.572s] -- Build files have been written to: /home/student/RoboticsStudio1/build/41068_ignition_bringup
[5.582s] Invoked command in '/home/student/RoboticsStudio1/build/41068_ignition_bringup' returned '0': CMAKE_PREFIX_PATH=/opt/ros/humble /usr/bin/cmake /home/student/RoboticsStudio1/src/41068_ignition_bringup -DCMAKE_INSTALL_PREFIX=/home/student/RoboticsStudio1/install/41068_ignition_bringup
[5.584s] Invoking command in '/home/student/RoboticsStudio1/build/41068_ignition_bringup': CMAKE_PREFIX_PATH=/opt/ros/humble /usr/bin/cmake --build /home/student/RoboticsStudio1/build/41068_ignition_bringup -- -j8 -l8
[5.629s] Invoked command in '/home/student/RoboticsStudio1/build/41068_ignition_bringup' returned '0': CMAKE_PREFIX_PATH=/opt/ros/humble /usr/bin/cmake --build /home/student/RoboticsStudio1/build/41068_ignition_bringup -- -j8 -l8
[5.643s] Invoking command in '/home/student/RoboticsStudio1/build/41068_ignition_bringup': CMAKE_PREFIX_PATH=/opt/ros/humble /usr/bin/cmake --install /home/student/RoboticsStudio1/build/41068_ignition_bringup
[5.652s] -- Install configuration: ""
[5.652s] -- Installing: /home/student/RoboticsStudio1/install/41068_ignition_bringup/share/41068_ignition_bringup/config
[5.652s] -- Installing: /home/student/RoboticsStudio1/install/41068_ignition_bringup/share/41068_ignition_bringup/config/gazebo_bridge.yaml
[5.656s] -- Installing: /home/student/RoboticsStudio1/install/41068_ignition_bringup/share/41068_ignition_bringup/config/slam_params.yaml
[5.660s] -- Installing: /home/student/RoboticsStudio1/install/41068_ignition_bringup/share/41068_ignition_bringup/config/nav2_params.yaml
[5.663s] -- Installing: /home/student/RoboticsStudio1/install/41068_ignition_bringup/share/41068_ignition_bringup/config/robot_localization.yaml
[5.666s] -- Installing: /home/student/RoboticsStudio1/install/41068_ignition_bringup/share/41068_ignition_bringup/config/41068.rviz
[5.672s] -- Installing: /home/student/RoboticsStudio1/install/41068_ignition_bringup/share/41068_ignition_bringup/launch
[5.672s] -- Installing: /home/student/RoboticsStudio1/install/41068_ignition_bringup/share/41068_ignition_bringup/launch/41068_navigation.launch.py
[5.675s] -- Installing: /home/student/RoboticsStudio1/install/41068_ignition_bringup/share/41068_ignition_bringup/launch/41068_ignition.launch.py
[5.681s] -- Installing: /home/student/RoboticsStudio1/install/41068_ignition_bringup/share/41068_ignition_bringup/launch/41068_ignition_drone.launch.py
[5.686s] -- Installing: /home/student/RoboticsStudio1/install/41068_ignition_bringup/share/41068_ignition_bringup/models
[5.686s] -- Installing: /home/student/RoboticsStudio1/install/41068_ignition_bringup/share/41068_ignition_bringup/models/grass_plane
[5.686s] -- Installing: /home/student/RoboticsStudio1/install/41068_ignition_bringup/share/41068_ignition_bringup/models/grass_plane/model.config
[5.689s] -- Installing: /home/student/RoboticsStudio1/install/41068_ignition_bringup/share/41068_ignition_bringup/models/grass_plane/model.sdf
[5.692s] -- Installing: /home/student/RoboticsStudio1/install/41068_ignition_bringup/share/41068_ignition_bringup/models/grass_plane/materials
[5.692s] -- Installing: /home/student/RoboticsStudio1/install/41068_ignition_bringup/share/41068_ignition_bringup/models/grass_plane/materials/textures
[5.692s] -- Installing: /home/student/RoboticsStudio1/install/41068_ignition_bringup/share/41068_ignition_bringup/models/grass_plane/materials/textures/empty_grass.png
[5.756s] -- Installing: /home/student/RoboticsStudio1/install/41068_ignition_bringup/share/41068_ignition_bringup/models/forest_plane
[5.756s] -- Installing: /home/student/RoboticsStudio1/install/41068_ignition_bringup/share/41068_ignition_bringup/models/forest_plane/model.config
[5.759s] -- Installing: /home/student/RoboticsStudio1/install/41068_ignition_bringup/share/41068_ignition_bringup/models/forest_plane/model.sdf
[5.762s] -- Installing: /home/student/RoboticsStudio1/install/41068_ignition_bringup/share/41068_ignition_bringup/models/forest_plane/materials
[5.762s] -- Installing: /home/student/RoboticsStudio1/install/41068_ignition_bringup/share/41068_ignition_bringup/models/forest_plane/materials/textures
[5.762s] -- Installing: /home/student/RoboticsStudio1/install/41068_ignition_bringup/share/41068_ignition_bringup/models/forest_plane/materials/textures/forest_overhead.png
[5.813s] -- Installing: /home/student/RoboticsStudio1/install/41068_ignition_bringup/share/41068_ignition_bringup/models/forest_plane/materials/textures/empty_grass.png
[5.872s] -- Installing: /home/student/RoboticsStudio1/install/41068_ignition_bringup/share/41068_ignition_bringup/models/forest_plane/materials/textures/leaf_litter.png
[5.925s] -- Installing: /home/student/RoboticsStudio1/install/41068_ignition_bringup/share/41068_ignition_bringup/models/forest_wall
[5.925s] -- Installing: /home/student/RoboticsStudio1/install/41068_ignition_bringup/share/41068_ignition_bringup/models/forest_wall/model.config
[5.928s] -- Installing: /home/student/RoboticsStudio1/install/41068_ignition_bringup/share/41068_ignition_bringup/models/forest_wall/model.sdf
[5.935s] -- Installing: /home/student/RoboticsStudio1/install/41068_ignition_bringup/share/41068_ignition_bringup/models/forest_wall/materials
[5.935s] -- Installing: /home/student/RoboticsStudio1/install/41068_ignition_bringup/share/41068_ignition_bringup/models/forest_wall/materials/textures
[5.935s] -- Installing: /home/student/RoboticsStudio1/install/41068_ignition_bringup/share/41068_ignition_bringup/models/forest_wall/materials/textures/forest_wall_transparent.png
[5.986s] -- Installing: /home/student/RoboticsStudio1/install/41068_ignition_bringup/share/41068_ignition_bringup/models/forest_wall/materials/textures/forest_wall_transparent_small.png
[5.994s] -- Installing: /home/student/RoboticsStudio1/install/41068_ignition_bringup/share/41068_ignition_bringup/models/forest_wall/materials/textures/forest_wall.png
[6.043s] -- Installing: /home/student/RoboticsStudio1/install/41068_ignition_bringup/share/41068_ignition_bringup/urdf
[6.043s] -- Installing: /home/student/RoboticsStudio1/install/41068_ignition_bringup/share/41068_ignition_bringup/urdf/common_properties.urdf.xacro
[6.047s] -- Installing: /home/student/RoboticsStudio1/install/41068_ignition_bringup/share/41068_ignition_bringup/urdf/meshes
[6.047s] -- Installing: /home/student/RoboticsStudio1/install/41068_ignition_bringup/share/41068_ignition_bringup/urdf/meshes/top_plate.dae
[6.051s] -- Installing: /home/student/RoboticsStudio1/install/41068_ignition_bringup/share/41068_ignition_bringup/urdf/meshes/bumper.dae
[6.066s] -- Installing: /home/student/RoboticsStudio1/install/41068_ignition_bringup/share/41068_ignition_bringup/urdf/meshes/base_link.dae
[6.083s] -- Installing: /home/student/RoboticsStudio1/install/41068_ignition_bringup/share/41068_ignition_bringup/urdf/meshes/jpl04_arch_nosensor.stl
[6.096s] -- Installing: /home/student/RoboticsStudio1/install/41068_ignition_bringup/share/41068_ignition_bringup/urdf/meshes/top_chassis.dae
[6.128s] -- Installing: /home/student/RoboticsStudio1/install/41068_ignition_bringup/share/41068_ignition_bringup/urdf/meshes/wheel.dae
[6.170s] -- Installing: /home/student/RoboticsStudio1/install/41068_ignition_bringup/share/41068_ignition_bringup/urdf/wheel.urdf.xacro
[6.173s] -- Installing: /home/student/RoboticsStudio1/install/41068_ignition_bringup/share/41068_ignition_bringup/urdf/husky.urdf.xacro
[6.176s] -- Installing: /home/student/RoboticsStudio1/install/41068_ignition_bringup/share/41068_ignition_bringup/urdf/husky.gazebo.xacro
[6.200s] -- Installing: /home/student/RoboticsStudio1/install/41068_ignition_bringup/share/41068_ignition_bringup/worlds
[6.200s] -- Installing: /home/student/RoboticsStudio1/install/41068_ignition_bringup/share/41068_ignition_bringup/worlds/simple_trees.sdf
[6.203s] -- Installing: /home/student/RoboticsStudio1/install/41068_ignition_bringup/share/41068_ignition_bringup/worlds/large_demo.sdf
[6.205s] -- Installing: /home/student/RoboticsStudio1/install/41068_ignition_bringup/share/41068_ignition_bringup/urdf_drone
[6.206s] -- Installing: /home/student/RoboticsStudio1/install/41068_ignition_bringup/share/41068_ignition_bringup/urdf_drone/model.config
[6.210s] -- Installing: /home/student/RoboticsStudio1/install/41068_ignition_bringup/share/41068_ignition_bringup/urdf_drone/model.sdf
[6.213s] -- Installing: /home/student/RoboticsStudio1/install/41068_ignition_bringup/share/41068_ignition_bringup/urdf_drone/common_properties.urdf.xacro
[6.216s] -- Installing: /home/student/RoboticsStudio1/install/41068_ignition_bringup/share/41068_ignition_bringup/urdf_drone/thumbnails
[6.216s] -- Installing: /home/student/RoboticsStudio1/install/41068_ignition_bringup/share/41068_ignition_bringup/urdf_drone/thumbnails/4.png
[6.220s] -- Installing: /home/student/RoboticsStudio1/install/41068_ignition_bringup/share/41068_ignition_bringup/urdf_drone/thumbnails/2.png
[6.226s] -- Installing: /home/student/RoboticsStudio1/install/41068_ignition_bringup/share/41068_ignition_bringup/urdf_drone/thumbnails/5.png
[6.229s] -- Installing: /home/student/RoboticsStudio1/install/41068_ignition_bringup/share/41068_ignition_bringup/urdf_drone/thumbnails/1.png
[6.234s] -- Installing: /home/student/RoboticsStudio1/install/41068_ignition_bringup/share/41068_ignition_bringup/urdf_drone/thumbnails/3.png
[6.239s] -- Installing: /home/student/RoboticsStudio1/install/41068_ignition_bringup/share/41068_ignition_bringup/urdf_drone/meshes
[6.239s] -- Installing: /home/student/RoboticsStudio1/install/41068_ignition_bringup/share/41068_ignition_bringup/urdf_drone/meshes/propeller_fr.dae
[6.251s] -- Installing: /home/student/RoboticsStudio1/install/41068_ignition_bringup/share/41068_ignition_bringup/urdf_drone/meshes/propeller_fl.dae
[6.262s] -- Installing: /home/student/RoboticsStudio1/install/41068_ignition_bringup/share/41068_ignition_bringup/urdf_drone/meshes/propeller_rl.dae
[6.274s] -- Installing: /home/student/RoboticsStudio1/install/41068_ignition_bringup/share/41068_ignition_bringup/urdf_drone/meshes/hull.dae
[6.330s] -- Installing: /home/student/RoboticsStudio1/install/41068_ignition_bringup/share/41068_ignition_bringup/urdf_drone/meshes/propeller_rr.dae
[6.342s] -- Installing: /home/student/RoboticsStudio1/install/41068_ignition_bringup/share/41068_ignition_bringup/urdf_drone/parrot.gazebo.xacro
[6.345s] -- Installing: /home/student/RoboticsStudio1/install/41068_ignition_bringup/share/41068_ignition_bringup/urdf_drone/parrot.urdf.xacro
[6.348s] -- Installing: /home/student/RoboticsStudio1/install/41068_ignition_bringup/share/ament_index/resource_index/package_run_dependencies/41068_ignition_bringup
[6.348s] -- Installing: /home/student/RoboticsStudio1/install/41068_ignition_bringup/share/ament_index/resource_index/parent_prefix_path/41068_ignition_bringup
[6.349s] -- Installing: /home/student/RoboticsStudio1/install/41068_ignition_bringup/share/41068_ignition_bringup/environment/ament_prefix_path.sh
[6.349s] -- Installing: /home/student/RoboticsStudio1/install/41068_ignition_bringup/share/41068_ignition_bringup/environment/ament_prefix_path.dsv
[6.349s] -- Installing: /home/student/RoboticsStudio1/install/41068_ignition_bringup/share/41068_ignition_bringup/environment/path.sh
[6.349s] -- Installing: /home/student/RoboticsStudio1/install/41068_ignition_bringup/share/41068_ignition_bringup/environment/path.dsv
[6.349s] -- Installing: /home/student/RoboticsStudio1/install/41068_ignition_bringup/share/41068_ignition_bringup/local_setup.bash
[6.349s] -- Installing: /home/student/RoboticsStudio1/install/41068_ignition_bringup/share/41068_ignition_bringup/local_setup.sh
[6.349s] -- Installing: /home/student/RoboticsStudio1/install/41068_ignition_bringup/share/41068_ignition_bringup/local_setup.zsh
[6.350s] -- Installing: /home/student/RoboticsStudio1/install/41068_ignition_bringup/share/41068_ignition_bringup/local_setup.dsv
[6.351s] -- Installing: /home/student/RoboticsStudio1/install/41068_ignition_bringup/share/41068_ignition_bringup/package.dsv
[6.351s] -- Installing: /home/student/RoboticsStudio1/install/41068_ignition_bringup/share/ament_index/resource_index/packages/41068_ignition_bringup
[6.352s] -- Installing: /home/student/RoboticsStudio1/install/41068_ignition_bringup/share/41068_ignition_bringup/cmake/41068_ignition_bringupConfig.cmake
[6.352s] -- Installing: /home/student/RoboticsStudio1/install/41068_ignition_bringup/share/41068_ignition_bringup/cmake/41068_ignition_bringupConfig-version.cmake
[6.352s] -- Installing: /home/student/RoboticsStudio1/install/41068_ignition_bringup/share/41068_ignition_bringup/package.xml
[6.353s] Invoked command in '/home/student/RoboticsStudio1/build/41068_ignition_bringup' returned '0': CMAKE_PREFIX_PATH=/opt/ros/humble /usr/bin/cmake --install /home/student/RoboticsStudio1/build/41068_ignition_bringup
