[3.647s] DEBUG:colcon:Command line arguments: ['/usr/bin/colcon', 'build']
[3.647s] DEBUG:colcon:Parsed command line arguments: Namespace(log_base=None, log_level=None, verb_name='build', build_base='build', install_base='install', merge_install=False, symlink_install=False, test_result_base=None, continue_on_error=False, executor='parallel', parallel_workers=8, event_handlers=None, ignore_user_meta=False, metas=['./colcon.meta'], base_paths=['.'], packages_ignore=None, packages_ignore_regex=None, paths=None, packages_up_to=None, packages_up_to_regex=None, packages_above=None, packages_above_and_dependencies=None, packages_above_depth=None, packages_select_by_dep=None, packages_skip_by_dep=None, packages_skip_up_to=None, packages_select_build_failed=False, packages_skip_build_finished=False, packages_select_test_failures=False, packages_skip_test_passed=False, packages_select=None, packages_skip=None, packages_select_regex=None, packages_skip_regex=None, packages_start=None, packages_end=None, allow_overriding=[], cmake_args=None, cmake_target=None, cmake_target_skip_unavailable=False, cmake_clean_cache=False, cmake_clean_first=False, cmake_force_configure=False, ament_cmake_args=None, catkin_cmake_args=None, catkin_skip_building_tests=False, mixin_files=None, mixin=None, verb_parser=<colcon_mixin.mixin.mixin_argument.MixinArgumentDecorator object at 0x7b15aa812140>, verb_extension=<colcon_core.verb.build.BuildVerb object at 0x7b15aa811720>, main=<bound method BuildVerb.main of <colcon_core.verb.build.BuildVerb object at 0x7b15aa811720>>, mixin_verb=('build',))
[6.204s] Level 1:colcon.colcon_core.package_discovery:discover_packages(colcon_meta) check parameters
[6.204s] Level 1:colcon.colcon_core.package_discovery:discover_packages(recursive) check parameters
[6.204s] Level 1:colcon.colcon_core.package_discovery:discover_packages(ignore) check parameters
[6.204s] Level 1:colcon.colcon_core.package_discovery:discover_packages(path) check parameters
[6.204s] Level 1:colcon.colcon_core.package_discovery:discover_packages(colcon_meta) discover
[6.205s] Level 1:colcon.colcon_core.package_discovery:discover_packages(recursive) discover
[6.205s] INFO:colcon.colcon_core.package_discovery:Crawling recursively for packages in '/home/student/RoboticsStudio1'
[6.205s] Level 1:colcon.colcon_core.package_identification:_identify(.) by extensions ['ignore', 'ignore_ament_install']
[6.205s] Level 1:colcon.colcon_core.package_identification:_identify(.) by extension 'ignore'
[6.205s] Level 1:colcon.colcon_core.package_identification:_identify(.) by extension 'ignore_ament_install'
[6.205s] Level 1:colcon.colcon_core.package_identification:_identify(.) by extensions ['colcon_pkg']
[6.205s] Level 1:colcon.colcon_core.package_identification:_identify(.) by extension 'colcon_pkg'
[6.205s] Level 1:colcon.colcon_core.package_identification:_identify(.) by extensions ['colcon_meta']
[6.205s] Level 1:colcon.colcon_core.package_identification:_identify(.) by extension 'colcon_meta'
[6.205s] Level 1:colcon.colcon_core.package_identification:_identify(.) by extensions ['ros']
[6.205s] Level 1:colcon.colcon_core.package_identification:_identify(.) by extension 'ros'
[6.252s] Level 1:colcon.colcon_core.package_identification:_identify(.) by extensions ['cmake', 'python']
[6.252s] Level 1:colcon.colcon_core.package_identification:_identify(.) by extension 'cmake'
[6.252s] Level 1:colcon.colcon_core.package_identification:_identify(.) by extension 'python'
[6.253s] Level 1:colcon.colcon_core.package_identification:_identify(.) by extensions ['python_setup_py']
[6.253s] Level 1:colcon.colcon_core.package_identification:_identify(.) by extension 'python_setup_py'
[6.253s] Level 1:colcon.colcon_core.package_identification:_identify(build) by extensions ['ignore', 'ignore_ament_install']
[6.253s] Level 1:colcon.colcon_core.package_identification:_identify(build) by extension 'ignore'
[6.253s] Level 1:colcon.colcon_core.package_identification:_identify(build) ignored
[6.253s] Level 1:colcon.colcon_core.package_identification:_identify(install) by extensions ['ignore', 'ignore_ament_install']
[6.253s] Level 1:colcon.colcon_core.package_identification:_identify(install) by extension 'ignore'
[6.253s] Level 1:colcon.colcon_core.package_identification:_identify(install) ignored
[6.253s] Level 1:colcon.colcon_core.package_identification:_identify(log) by extensions ['ignore', 'ignore_ament_install']
[6.253s] Level 1:colcon.colcon_core.package_identification:_identify(log) by extension 'ignore'
[6.253s] Level 1:colcon.colcon_core.package_identification:_identify(log) ignored
[6.253s] Level 1:colcon.colcon_core.package_identification:_identify(src) by extensions ['ignore', 'ignore_ament_install']
[6.254s] Level 1:colcon.colcon_core.package_identification:_identify(src) by extension 'ignore'
[6.254s] Level 1:colcon.colcon_core.package_identification:_identify(src) by extension 'ignore_ament_install'
[6.254s] Level 1:colcon.colcon_core.package_identification:_identify(src) by extensions ['colcon_pkg']
[6.254s] Level 1:colcon.colcon_core.package_identification:_identify(src) by extension 'colcon_pkg'
[6.254s] Level 1:colcon.colcon_core.package_identification:_identify(src) by extensions ['colcon_meta']
[6.254s] Level 1:colcon.colcon_core.package_identification:_identify(src) by extension 'colcon_meta'
[6.254s] Level 1:colcon.colcon_core.package_identification:_identify(src) by extensions ['ros']
[6.254s] Level 1:colcon.colcon_core.package_identification:_identify(src) by extension 'ros'
[6.254s] Level 1:colcon.colcon_core.package_identification:_identify(src) by extensions ['cmake', 'python']
[6.254s] Level 1:colcon.colcon_core.package_identification:_identify(src) by extension 'cmake'
[6.254s] Level 1:colcon.colcon_core.package_identification:_identify(src) by extension 'python'
[6.254s] Level 1:colcon.colcon_core.package_identification:_identify(src) by extensions ['python_setup_py']
[6.254s] Level 1:colcon.colcon_core.package_identification:_identify(src) by extension 'python_setup_py'
[6.254s] Level 1:colcon.colcon_core.package_identification:_identify(src/41068_ignition_bringup) by extensions ['ignore', 'ignore_ament_install']
[6.254s] Level 1:colcon.colcon_core.package_identification:_identify(src/41068_ignition_bringup) by extension 'ignore'
[6.254s] Level 1:colcon.colcon_core.package_identification:_identify(src/41068_ignition_bringup) by extension 'ignore_ament_install'
[6.254s] Level 1:colcon.colcon_core.package_identification:_identify(src/41068_ignition_bringup) by extensions ['colcon_pkg']
[6.254s] Level 1:colcon.colcon_core.package_identification:_identify(src/41068_ignition_bringup) by extension 'colcon_pkg'
[6.254s] Level 1:colcon.colcon_core.package_identification:_identify(src/41068_ignition_bringup) by extensions ['colcon_meta']
[6.254s] Level 1:colcon.colcon_core.package_identification:_identify(src/41068_ignition_bringup) by extension 'colcon_meta'
[6.255s] Level 1:colcon.colcon_core.package_identification:_identify(src/41068_ignition_bringup) by extensions ['ros']
[6.255s] Level 1:colcon.colcon_core.package_identification:_identify(src/41068_ignition_bringup) by extension 'ros'
[6.267s] DEBUG:colcon.colcon_core.package_identification:Package 'src/41068_ignition_bringup' with type 'ros.ament_cmake' and name '41068_ignition_bringup'
[6.267s] Level 1:colcon.colcon_core.package_discovery:discover_packages(recursive) using defaults
[6.267s] Level 1:colcon.colcon_core.package_discovery:discover_packages(ignore) discover
[6.267s] Level 1:colcon.colcon_core.package_discovery:discover_packages(ignore) using defaults
[6.267s] Level 1:colcon.colcon_core.package_discovery:discover_packages(path) discover
[6.267s] Level 1:colcon.colcon_core.package_discovery:discover_packages(path) using defaults
[6.474s] Level 1:colcon.colcon_core.package_discovery:discover_packages(prefix_path) check parameters
[6.474s] Level 1:colcon.colcon_core.package_discovery:discover_packages(prefix_path) discover
[6.514s] DEBUG:colcon.colcon_installed_package_information.package_discovery:Found 0 installed packages in /home/student/ros2_ws/install
[6.516s] DEBUG:colcon.colcon_installed_package_information.package_discovery:Found 424 installed packages in /opt/ros/humble
[6.519s] Level 1:colcon.colcon_core.package_discovery:discover_packages(prefix_path) using defaults
[6.589s] Level 5:colcon.colcon_core.verb:set package '41068_ignition_bringup' build argument 'cmake_args' from command line to 'None'
[6.589s] Level 5:colcon.colcon_core.verb:set package '41068_ignition_bringup' build argument 'cmake_target' from command line to 'None'
[6.589s] Level 5:colcon.colcon_core.verb:set package '41068_ignition_bringup' build argument 'cmake_target_skip_unavailable' from command line to 'False'
[6.589s] Level 5:colcon.colcon_core.verb:set package '41068_ignition_bringup' build argument 'cmake_clean_cache' from command line to 'False'
[6.589s] Level 5:colcon.colcon_core.verb:set package '41068_ignition_bringup' build argument 'cmake_clean_first' from command line to 'False'
[6.589s] Level 5:colcon.colcon_core.verb:set package '41068_ignition_bringup' build argument 'cmake_force_configure' from command line to 'False'
[6.589s] Level 5:colcon.colcon_core.verb:set package '41068_ignition_bringup' build argument 'ament_cmake_args' from command line to 'None'
[6.589s] Level 5:colcon.colcon_core.verb:set package '41068_ignition_bringup' build argument 'catkin_cmake_args' from command line to 'None'
[6.589s] Level 5:colcon.colcon_core.verb:set package '41068_ignition_bringup' build argument 'catkin_skip_building_tests' from command line to 'False'
[6.589s] DEBUG:colcon.colcon_core.verb:Building package '41068_ignition_bringup' with the following arguments: {'ament_cmake_args': None, 'build_base': '/home/student/RoboticsStudio1/build/41068_ignition_bringup', 'catkin_cmake_args': None, 'catkin_skip_building_tests': False, 'cmake_args': None, 'cmake_clean_cache': False, 'cmake_clean_first': False, 'cmake_force_configure': False, 'cmake_target': None, 'cmake_target_skip_unavailable': False, 'install_base': '/home/student/RoboticsStudio1/install/41068_ignition_bringup', 'merge_install': False, 'path': '/home/student/RoboticsStudio1/src/41068_ignition_bringup', 'symlink_install': False, 'test_result_base': None}
[6.589s] INFO:colcon.colcon_core.executor:Executing jobs using 'parallel' executor
[6.591s] DEBUG:colcon.colcon_parallel_executor.executor.parallel:run_until_complete
[6.591s] INFO:colcon.colcon_ros.task.ament_cmake.build:Building ROS package in '/home/student/RoboticsStudio1/src/41068_ignition_bringup' with build type 'ament_cmake'
[6.591s] INFO:colcon.colcon_cmake.task.cmake.build:Building CMake package in '/home/student/RoboticsStudio1/src/41068_ignition_bringup'
[6.674s] INFO:colcon.colcon_core.plugin_system:Skipping extension 'colcon_core.shell.bat': Not used on non-Windows systems
[6.674s] INFO:colcon.colcon_core.shell:Skip shell extension 'powershell' for command environment: Not usable outside of PowerShell
[6.674s] DEBUG:colcon.colcon_core.shell:Skip shell extension 'dsv' for command environment
[6.687s] DEBUG:colcon.colcon_core.event_handler.log_command:Invoking command in '/home/student/RoboticsStudio1/build/41068_ignition_bringup': CMAKE_PREFIX_PATH=/opt/ros/humble /usr/bin/cmake /home/student/RoboticsStudio1/src/41068_ignition_bringup -DCMAKE_INSTALL_PREFIX=/home/student/RoboticsStudio1/install/41068_ignition_bringup
[12.177s] DEBUG:colcon.colcon_core.event_handler.log_command:Invoked command in '/home/student/RoboticsStudio1/build/41068_ignition_bringup' returned '0': CMAKE_PREFIX_PATH=/opt/ros/humble /usr/bin/cmake /home/student/RoboticsStudio1/src/41068_ignition_bringup -DCMAKE_INSTALL_PREFIX=/home/student/RoboticsStudio1/install/41068_ignition_bringup
[12.179s] DEBUG:colcon.colcon_core.event_handler.log_command:Invoking command in '/home/student/RoboticsStudio1/build/41068_ignition_bringup': CMAKE_PREFIX_PATH=/opt/ros/humble /usr/bin/cmake --build /home/student/RoboticsStudio1/build/41068_ignition_bringup -- -j8 -l8
[12.225s] DEBUG:colcon.colcon_core.event_handler.log_command:Invoked command in '/home/student/RoboticsStudio1/build/41068_ignition_bringup' returned '0': CMAKE_PREFIX_PATH=/opt/ros/humble /usr/bin/cmake --build /home/student/RoboticsStudio1/build/41068_ignition_bringup -- -j8 -l8
[12.237s] DEBUG:colcon.colcon_core.event_handler.log_command:Invoking command in '/home/student/RoboticsStudio1/build/41068_ignition_bringup': CMAKE_PREFIX_PATH=/opt/ros/humble /usr/bin/cmake --install /home/student/RoboticsStudio1/build/41068_ignition_bringup
[12.290s] Level 1:colcon.colcon_core.environment:create_environment_scripts_only(41068_ignition_bringup)
[12.291s] DEBUG:colcon.colcon_core.event_handler.log_command:Invoked command in '/home/student/RoboticsStudio1/build/41068_ignition_bringup' returned '0': CMAKE_PREFIX_PATH=/opt/ros/humble /usr/bin/cmake --install /home/student/RoboticsStudio1/build/41068_ignition_bringup
[12.403s] Level 1:colcon.colcon_core.environment:checking '/home/student/RoboticsStudio1/install/41068_ignition_bringup' for CMake module files
[12.403s] Level 1:colcon.colcon_core.environment:checking '/home/student/RoboticsStudio1/install/41068_ignition_bringup' for CMake config files
[12.403s] Level 1:colcon.colcon_core.shell:create_environment_hook('41068_ignition_bringup', 'cmake_prefix_path')
[12.404s] INFO:colcon.colcon_core.shell:Creating environment hook '/home/student/RoboticsStudio1/install/41068_ignition_bringup/share/41068_ignition_bringup/hook/cmake_prefix_path.ps1'
[12.414s] INFO:colcon.colcon_core.shell:Creating environment descriptor '/home/student/RoboticsStudio1/install/41068_ignition_bringup/share/41068_ignition_bringup/hook/cmake_prefix_path.dsv'
[12.418s] INFO:colcon.colcon_core.shell:Creating environment hook '/home/student/RoboticsStudio1/install/41068_ignition_bringup/share/41068_ignition_bringup/hook/cmake_prefix_path.sh'
[12.422s] Level 1:colcon.colcon_core.environment:checking '/home/student/RoboticsStudio1/install/41068_ignition_bringup/bin'
[12.423s] Level 1:colcon.colcon_core.environment:checking '/home/student/RoboticsStudio1/install/41068_ignition_bringup/lib/pkgconfig/41068_ignition_bringup.pc'
[12.423s] Level 1:colcon.colcon_core.environment:checking '/home/student/RoboticsStudio1/install/41068_ignition_bringup/lib/python3.10/site-packages'
[12.423s] Level 1:colcon.colcon_core.environment:checking '/home/student/RoboticsStudio1/install/41068_ignition_bringup/bin'
[12.423s] INFO:colcon.colcon_core.shell:Creating package script '/home/student/RoboticsStudio1/install/41068_ignition_bringup/share/41068_ignition_bringup/package.ps1'
[12.429s] INFO:colcon.colcon_core.shell:Creating package descriptor '/home/student/RoboticsStudio1/install/41068_ignition_bringup/share/41068_ignition_bringup/package.dsv'
[12.432s] INFO:colcon.colcon_core.shell:Creating package script '/home/student/RoboticsStudio1/install/41068_ignition_bringup/share/41068_ignition_bringup/package.sh'
[12.436s] INFO:colcon.colcon_core.shell:Creating package script '/home/student/RoboticsStudio1/install/41068_ignition_bringup/share/41068_ignition_bringup/package.bash'
[12.447s] INFO:colcon.colcon_core.shell:Creating package script '/home/student/RoboticsStudio1/install/41068_ignition_bringup/share/41068_ignition_bringup/package.zsh'
[12.461s] Level 1:colcon.colcon_core.environment:create_file_with_runtime_dependencies(/home/student/RoboticsStudio1/install/41068_ignition_bringup/share/colcon-core/packages/41068_ignition_bringup)
[12.462s] Level 1:colcon.colcon_core.environment:create_environment_scripts_only(41068_ignition_bringup)
[12.462s] Level 1:colcon.colcon_core.environment:checking '/home/student/RoboticsStudio1/install/41068_ignition_bringup' for CMake module files
[12.463s] Level 1:colcon.colcon_core.environment:checking '/home/student/RoboticsStudio1/install/41068_ignition_bringup' for CMake config files
[12.463s] Level 1:colcon.colcon_core.shell:create_environment_hook('41068_ignition_bringup', 'cmake_prefix_path')
[12.463s] INFO:colcon.colcon_core.shell:Creating environment hook '/home/student/RoboticsStudio1/install/41068_ignition_bringup/share/41068_ignition_bringup/hook/cmake_prefix_path.ps1'
[12.464s] INFO:colcon.colcon_core.shell:Creating environment descriptor '/home/student/RoboticsStudio1/install/41068_ignition_bringup/share/41068_ignition_bringup/hook/cmake_prefix_path.dsv'
[12.464s] INFO:colcon.colcon_core.shell:Creating environment hook '/home/student/RoboticsStudio1/install/41068_ignition_bringup/share/41068_ignition_bringup/hook/cmake_prefix_path.sh'
[12.465s] Level 1:colcon.colcon_core.environment:checking '/home/student/RoboticsStudio1/install/41068_ignition_bringup/bin'
[12.465s] Level 1:colcon.colcon_core.environment:checking '/home/student/RoboticsStudio1/install/41068_ignition_bringup/lib/pkgconfig/41068_ignition_bringup.pc'
[12.465s] Level 1:colcon.colcon_core.environment:checking '/home/student/RoboticsStudio1/install/41068_ignition_bringup/lib/python3.10/site-packages'
[12.465s] Level 1:colcon.colcon_core.environment:checking '/home/student/RoboticsStudio1/install/41068_ignition_bringup/bin'
[12.465s] INFO:colcon.colcon_core.shell:Creating package script '/home/student/RoboticsStudio1/install/41068_ignition_bringup/share/41068_ignition_bringup/package.ps1'
[12.466s] INFO:colcon.colcon_core.shell:Creating package descriptor '/home/student/RoboticsStudio1/install/41068_ignition_bringup/share/41068_ignition_bringup/package.dsv'
[12.466s] INFO:colcon.colcon_core.shell:Creating package script '/home/student/RoboticsStudio1/install/41068_ignition_bringup/share/41068_ignition_bringup/package.sh'
[12.467s] INFO:colcon.colcon_core.shell:Creating package script '/home/student/RoboticsStudio1/install/41068_ignition_bringup/share/41068_ignition_bringup/package.bash'
[12.467s] INFO:colcon.colcon_core.shell:Creating package script '/home/student/RoboticsStudio1/install/41068_ignition_bringup/share/41068_ignition_bringup/package.zsh'
[12.468s] Level 1:colcon.colcon_core.environment:create_file_with_runtime_dependencies(/home/student/RoboticsStudio1/install/41068_ignition_bringup/share/colcon-core/packages/41068_ignition_bringup)
[12.468s] DEBUG:colcon.colcon_parallel_executor.executor.parallel:closing loop
[12.469s] DEBUG:colcon.colcon_parallel_executor.executor.parallel:loop closed
[12.469s] DEBUG:colcon.colcon_parallel_executor.executor.parallel:run_until_complete finished with '0'
[12.469s] DEBUG:colcon.colcon_core.event_reactor:joining thread
[12.504s] INFO:colcon.colcon_core.plugin_system:Skipping extension 'colcon_notification.desktop_notification.terminal_notifier': Not used on non-Darwin systems
[12.505s] INFO:colcon.colcon_core.plugin_system:Skipping extension 'colcon_notification.desktop_notification.win32': Not used on non-Windows systems
[12.505s] INFO:colcon.colcon_notification.desktop_notification:Sending desktop notification using 'notify2'
[12.526s] DEBUG:colcon.colcon_core.event_reactor:joined thread
[12.527s] INFO:colcon.colcon_core.shell:Creating prefix script '/home/student/RoboticsStudio1/install/local_setup.ps1'
[12.535s] INFO:colcon.colcon_core.shell:Creating prefix util module '/home/student/RoboticsStudio1/install/_local_setup_util_ps1.py'
[12.545s] INFO:colcon.colcon_core.shell:Creating prefix chain script '/home/student/RoboticsStudio1/install/setup.ps1'
[12.552s] INFO:colcon.colcon_core.shell:Creating prefix script '/home/student/RoboticsStudio1/install/local_setup.sh'
[12.556s] INFO:colcon.colcon_core.shell:Creating prefix util module '/home/student/RoboticsStudio1/install/_local_setup_util_sh.py'
[12.556s] INFO:colcon.colcon_core.shell:Creating prefix chain script '/home/student/RoboticsStudio1/install/setup.sh'
[12.560s] INFO:colcon.colcon_core.shell:Creating prefix script '/home/student/RoboticsStudio1/install/local_setup.bash'
[12.566s] INFO:colcon.colcon_core.shell:Creating prefix chain script '/home/student/RoboticsStudio1/install/setup.bash'
[12.571s] INFO:colcon.colcon_core.shell:Creating prefix script '/home/student/RoboticsStudio1/install/local_setup.zsh'
[12.576s] INFO:colcon.colcon_core.shell:Creating prefix chain script '/home/student/RoboticsStudio1/install/setup.zsh'
