[0.030s] Invoking command in '/home/student/RoboticsStudio1/build/41068_ignition_bringup': CMAKE_PREFIX_PATH=${CMAKE_PREFIX_PATH}:/opt/ros/humble /usr/bin/cmake --build /home/student/RoboticsStudio1/build/41068_ignition_bringup -- -j8 -l8
[0.080s] -- Found ament_cmake: 1.3.12 (/opt/ros/humble/share/ament_cmake/cmake)
[0.345s] -- Found ros_ign_interfaces: 0.244.20 (/opt/ros/humble/share/ros_ign_interfaces/cmake)
[0.385s] -- Found rosidl_generator_c: 3.1.7 (/opt/ros/humble/share/rosidl_generator_c/cmake)
[0.390s] -- Found rosidl_adapter: 3.1.7 (/opt/ros/humble/share/rosidl_adapter/cmake)
[0.404s] -- Found rosidl_generator_cpp: 3.1.7 (/opt/ros/humble/share/rosidl_generator_cpp/cmake)
[0.434s] -- Using all available rosidl_typesupport_c: rosidl_typesupport_fastrtps_c;rosidl_typesupport_introspection_c
[0.448s] -- Using all available rosidl_typesupport_cpp: rosidl_typesupport_fastrtps_cpp;rosidl_typesupport_introspection_cpp
[0.746s] WARNING: Package name "41068_ignition_bringup" does not follow the naming conventions. It should start with a lower case letter and only contain lower case letters, digits, underscores, and dashes.
[0.762s] -- Found ament_lint_auto: 0.12.14 (/opt/ros/humble/share/ament_lint_auto/cmake)
[0.880s] WARNING: Package name "41068_ignition_bringup" does not follow the naming conventions. It should start with a lower case letter and only contain lower case letters, digits, underscores, and dashes.
[0.943s] -- Added test 'copyright' to check source files copyright and LICENSE
[0.962s] -- Added test 'flake8' to check Python code syntax and style conventions
[0.964s] -- Added test 'lint_cmake' to check CMake code style
[0.967s] -- Added test 'pep257' to check Python code against some of the docstring style conventions in PEP 257
[0.972s] -- Added test 'xmllint' to check XML markup files
[0.973s] -- Configuring done
[0.982s] -- Generating done
[0.993s] -- Build files have been written to: /home/student/RoboticsStudio1/build/41068_ignition_bringup
[1.123s] Built target ament_cmake_python_copy_lidar_processing
[1.679s] running egg_info
[1.680s] writing lidar_processing.egg-info/PKG-INFO
[1.682s] writing dependency_links to lidar_processing.egg-info/dependency_links.txt
[1.683s] writing top-level names to lidar_processing.egg-info/top_level.txt
[1.694s] reading manifest file 'lidar_processing.egg-info/SOURCES.txt'
[1.699s] writing manifest file 'lidar_processing.egg-info/SOURCES.txt'
[1.793s] Built target ament_cmake_python_build_lidar_processing_egg
[1.820s] Invoked command in '/home/student/RoboticsStudio1/build/41068_ignition_bringup' returned '0': CMAKE_PREFIX_PATH=${CMAKE_PREFIX_PATH}:/opt/ros/humble /usr/bin/cmake --build /home/student/RoboticsStudio1/build/41068_ignition_bringup -- -j8 -l8
[1.849s] Invoking command in '/home/student/RoboticsStudio1/build/41068_ignition_bringup': CMAKE_PREFIX_PATH=${CMAKE_PREFIX_PATH}:/opt/ros/humble /usr/bin/cmake --install /home/student/RoboticsStudio1/build/41068_ignition_bringup
[1.874s] -- Install configuration: ""
[1.875s] -- Up-to-date: /home/student/RoboticsStudio1/install/41068_ignition_bringup/share/41068_ignition_bringup/environment/pythonpath.sh
[1.875s] -- Installing: /home/student/RoboticsStudio1/install/41068_ignition_bringup/share/41068_ignition_bringup/environment/pythonpath.dsv
[1.878s] -- Up-to-date: /home/student/RoboticsStudio1/install/41068_ignition_bringup/local/lib/python3.10/dist-packages/lidar_processing-1.0.3-py3.10.egg-info
[1.879s] -- Installing: /home/student/RoboticsStudio1/install/41068_ignition_bringup/local/lib/python3.10/dist-packages/lidar_processing-1.0.3-py3.10.egg-info/PKG-INFO
[1.880s] -- Installing: /home/student/RoboticsStudio1/install/41068_ignition_bringup/local/lib/python3.10/dist-packages/lidar_processing-1.0.3-py3.10.egg-info/SOURCES.txt
[1.882s] -- Installing: /home/student/RoboticsStudio1/install/41068_ignition_bringup/local/lib/python3.10/dist-packages/lidar_processing-1.0.3-py3.10.egg-info/dependency_links.txt
[1.883s] -- Installing: /home/student/RoboticsStudio1/install/41068_ignition_bringup/local/lib/python3.10/dist-packages/lidar_processing-1.0.3-py3.10.egg-info/top_level.txt
[1.883s] -- Up-to-date: /home/student/RoboticsStudio1/install/41068_ignition_bringup/local/lib/python3.10/dist-packages/lidar_processing
[1.884s] -- Up-to-date: /home/student/RoboticsStudio1/install/41068_ignition_bringup/local/lib/python3.10/dist-packages/lidar_processing/filtered_lidar.py
[1.886s] -- Up-to-date: /home/student/RoboticsStudio1/install/41068_ignition_bringup/local/lib/python3.10/dist-packages/lidar_processing/tree_detector.py
[1.889s] -- Up-to-date: /home/student/RoboticsStudio1/install/41068_ignition_bringup/local/lib/python3.10/dist-packages/lidar_processing/gui_panel.py
[1.889s] -- Up-to-date: /home/student/RoboticsStudio1/install/41068_ignition_bringup/local/lib/python3.10/dist-packages/lidar_processing/__init__.py
[1.943s] Listing '/home/student/RoboticsStudio1/install/41068_ignition_bringup/local/lib/python3.10/dist-packages/lidar_processing'...
[1.950s] -- Up-to-date: /home/student/RoboticsStudio1/install/41068_ignition_bringup/lib/41068_ignition_bringup/filtered_lidar.py
[1.953s] -- Up-to-date: /home/student/RoboticsStudio1/install/41068_ignition_bringup/lib/41068_ignition_bringup/tree_detector.py
[1.953s] [31mCMake Error at cmake_install.cmake:77 (file):
[1.953s]   file INSTALL cannot find
[1.955s]   "/home/student/RoboticsStudio1/src/41068_ignition_bringup/scripts/gui_panel.py":
[1.956s]   No such file or directory.
[1.956s] 
[1.956s] [0m
[1.957s] Invoked command in '/home/student/RoboticsStudio1/build/41068_ignition_bringup' returned '1': CMAKE_PREFIX_PATH=${CMAKE_PREFIX_PATH}:/opt/ros/humble /usr/bin/cmake --install /home/student/RoboticsStudio1/build/41068_ignition_bringup
