[0.024s] Invoking command in '/home/nathan/RoboticsStudio1/build/41068_ignition_bringup': CMAKE_PREFIX_PATH=${CMAKE_PREFIX_PATH}:/opt/ros/humble /usr/bin/cmake /home/nathan/RoboticsStudio1/src/41068_ignition_bringup -DAMENT_CMAKE_SYMLINK_INSTALL=1 -DCMAKE_INSTALL_PREFIX=/home/nathan/RoboticsStudio1/install/41068_ignition_bringup
[0.137s] -- The C compiler identification is GNU 11.4.0
[0.274s] -- The CXX compiler identification is GNU 11.4.0
[0.287s] -- Detecting C compiler ABI info
[0.422s] -- Detecting C compiler ABI info - done
[0.441s] -- Check for working C compiler: /usr/bin/cc - skipped
[0.441s] -- Detecting C compile features
[0.442s] -- Detecting C compile features - done
[0.447s] -- Detecting CXX compiler ABI info
[0.616s] -- Detecting CXX compiler ABI info - done
[0.635s] -- Check for working CXX compiler: /usr/bin/c++ - skipped
[0.635s] -- Detecting CXX compile features
[0.636s] -- Detecting CXX compile features - done
[0.640s] -- Found ament_cmake: 1.3.12 (/opt/ros/humble/share/ament_cmake/cmake)
[1.574s] -- Found Python3: /usr/bin/python3 (found version "3.10.12") found components: Interpreter 
[1.743s] -- Override CMake install command with custom implementation using symlinks instead of copying resources
[1.798s] -- Found ros_ign_interfaces: 0.244.20 (/opt/ros/humble/share/ros_ign_interfaces/cmake)
[1.870s] -- Found rosidl_generator_c: 3.1.7 (/opt/ros/humble/share/rosidl_generator_c/cmake)
[1.879s] -- Found rosidl_adapter: 3.1.7 (/opt/ros/humble/share/rosidl_adapter/cmake)
[1.899s] -- Found rosidl_generator_cpp: 3.1.7 (/opt/ros/humble/share/rosidl_generator_cpp/cmake)
[1.925s] -- Using all available rosidl_typesupport_c: rosidl_typesupport_fastrtps_c;rosidl_typesupport_introspection_c
[1.961s] -- Using all available rosidl_typesupport_cpp: rosidl_typesupport_fastrtps_cpp;rosidl_typesupport_introspection_cpp
[2.344s] WARNING: Package name "41068_ignition_bringup" does not follow the naming conventions. It should start with a lower case letter and only contain lower case letters, digits, underscores, and dashes.
[2.378s] -- Found ament_lint_auto: 0.12.14 (/opt/ros/humble/share/ament_lint_auto/cmake)
[2.520s] WARNING: Package name "41068_ignition_bringup" does not follow the naming conventions. It should start with a lower case letter and only contain lower case letters, digits, underscores, and dashes.
[2.592s] -- Added test 'copyright' to check source files copyright and LICENSE
[2.610s] -- Added test 'flake8' to check Python code syntax and style conventions
[2.613s] -- Added test 'lint_cmake' to check CMake code style
[2.615s] -- Added test 'pep257' to check Python code against some of the docstring style conventions in PEP 257
[2.626s] -- Added test 'xmllint' to check XML markup files
[2.628s] -- Configuring done
[2.637s] -- Generating done
[2.643s] -- Build files have been written to: /home/nathan/RoboticsStudio1/build/41068_ignition_bringup
[2.658s] Invoked command in '/home/nathan/RoboticsStudio1/build/41068_ignition_bringup' returned '0': CMAKE_PREFIX_PATH=${CMAKE_PREFIX_PATH}:/opt/ros/humble /usr/bin/cmake /home/nathan/RoboticsStudio1/src/41068_ignition_bringup -DAMENT_CMAKE_SYMLINK_INSTALL=1 -DCMAKE_INSTALL_PREFIX=/home/nathan/RoboticsStudio1/install/41068_ignition_bringup
[2.663s] Invoking command in '/home/nathan/RoboticsStudio1/build/41068_ignition_bringup': CMAKE_PREFIX_PATH=${CMAKE_PREFIX_PATH}:/opt/ros/humble /usr/bin/cmake --build /home/nathan/RoboticsStudio1/build/41068_ignition_bringup -- -j8 -l8
[2.766s] Built target ament_cmake_python_symlink_lidar_processing
[3.325s] running egg_info
[3.373s] creating lidar_processing.egg-info
[3.373s] writing lidar_processing.egg-info/PKG-INFO
[3.374s] writing dependency_links to lidar_processing.egg-info/dependency_links.txt
[3.375s] writing top-level names to lidar_processing.egg-info/top_level.txt
[3.375s] writing manifest file 'lidar_processing.egg-info/SOURCES.txt'
[3.512s] reading manifest file 'lidar_processing.egg-info/SOURCES.txt'
[3.514s] writing manifest file 'lidar_processing.egg-info/SOURCES.txt'
[3.600s] Built target ament_cmake_python_build_lidar_processing_egg
[3.626s] Invoked command in '/home/nathan/RoboticsStudio1/build/41068_ignition_bringup' returned '0': CMAKE_PREFIX_PATH=${CMAKE_PREFIX_PATH}:/opt/ros/humble /usr/bin/cmake --build /home/nathan/RoboticsStudio1/build/41068_ignition_bringup -- -j8 -l8
[3.648s] Invoking command in '/home/nathan/RoboticsStudio1/build/41068_ignition_bringup': CMAKE_PREFIX_PATH=${CMAKE_PREFIX_PATH}:/opt/ros/humble /usr/bin/cmake --install /home/nathan/RoboticsStudio1/build/41068_ignition_bringup
[3.660s] -- Install configuration: ""
[3.661s] -- Execute custom install script
[3.662s] -- Symlinking: /home/nathan/RoboticsStudio1/install/41068_ignition_bringup/share/41068_ignition_bringup/environment/pythonpath.sh
[3.682s] -- Symlinking: /home/nathan/RoboticsStudio1/install/41068_ignition_bringup/share/41068_ignition_bringup/environment/pythonpath.dsv
[3.698s] -- Symlinking: /home/nathan/RoboticsStudio1/install/41068_ignition_bringup/local/lib/python3.10/dist-packages/lidar_processing-1.0.3-py3.10.egg-info/PKG-INFO
[3.718s] -- Symlinking: /home/nathan/RoboticsStudio1/install/41068_ignition_bringup/local/lib/python3.10/dist-packages/lidar_processing-1.0.3-py3.10.egg-info/SOURCES.txt
[3.735s] -- Symlinking: /home/nathan/RoboticsStudio1/install/41068_ignition_bringup/local/lib/python3.10/dist-packages/lidar_processing-1.0.3-py3.10.egg-info/dependency_links.txt
[3.754s] -- Symlinking: /home/nathan/RoboticsStudio1/install/41068_ignition_bringup/local/lib/python3.10/dist-packages/lidar_processing-1.0.3-py3.10.egg-info/top_level.txt
[3.773s] -- Symlinking: /home/nathan/RoboticsStudio1/install/41068_ignition_bringup/local/lib/python3.10/dist-packages/lidar_processing/__init__.py
[3.790s] -- Symlinking: /home/nathan/RoboticsStudio1/install/41068_ignition_bringup/local/lib/python3.10/dist-packages/lidar_processing/filtered_lidar.py
[3.807s] -- Symlinking: /home/nathan/RoboticsStudio1/install/41068_ignition_bringup/local/lib/python3.10/dist-packages/lidar_processing/tree_detector.py
[3.825s] -- Symlinking: /home/nathan/RoboticsStudio1/install/41068_ignition_bringup/lib/41068_ignition_bringup/filtered_lidar.py
[3.841s] -- Symlinking: /home/nathan/RoboticsStudio1/install/41068_ignition_bringup/lib/41068_ignition_bringup/tree_detector.py
[3.858s] -- Symlinking: /home/nathan/RoboticsStudio1/install/41068_ignition_bringup/lib/41068_ignition_bringup/gui_panel.py
[3.876s] -- Symlinking: /home/nathan/RoboticsStudio1/install/41068_ignition_bringup/share/41068_ignition_bringup/scripts/gui_panel.py
[3.892s] -- Symlinking: /home/nathan/RoboticsStudio1/install/41068_ignition_bringup/share/41068_ignition_bringup/config/41068.rviz
[3.908s] -- Symlinking: /home/nathan/RoboticsStudio1/install/41068_ignition_bringup/share/41068_ignition_bringup/config/gazebo_bridge.yaml
[3.924s] -- Symlinking: /home/nathan/RoboticsStudio1/install/41068_ignition_bringup/share/41068_ignition_bringup/config/nav2_params.yaml
[3.944s] -- Symlinking: /home/nathan/RoboticsStudio1/install/41068_ignition_bringup/share/41068_ignition_bringup/config/robot_localization.yaml
[3.959s] -- Symlinking: /home/nathan/RoboticsStudio1/install/41068_ignition_bringup/share/41068_ignition_bringup/config/slam_params.yaml
[3.976s] -- Symlinking: /home/nathan/RoboticsStudio1/install/41068_ignition_bringup/share/41068_ignition_bringup/launch/41068_ignition.launch.py
[3.992s] -- Symlinking: /home/nathan/RoboticsStudio1/install/41068_ignition_bringup/share/41068_ignition_bringup/launch/41068_ignition_drone.launch.py
[4.008s] -- Symlinking: /home/nathan/RoboticsStudio1/install/41068_ignition_bringup/share/41068_ignition_bringup/launch/41068_navigation.launch.py
[4.026s] -- Symlinking: /home/nathan/RoboticsStudio1/install/41068_ignition_bringup/share/41068_ignition_bringup/models/forest_plane/materials/textures/empty_grass.png
[4.042s] -- Symlinking: /home/nathan/RoboticsStudio1/install/41068_ignition_bringup/share/41068_ignition_bringup/models/forest_plane/materials/textures/forest_overhead.png
[4.058s] -- Symlinking: /home/nathan/RoboticsStudio1/install/41068_ignition_bringup/share/41068_ignition_bringup/models/forest_plane/materials/textures/leaf_litter.png
[4.074s] -- Symlinking: /home/nathan/RoboticsStudio1/install/41068_ignition_bringup/share/41068_ignition_bringup/models/forest_plane/model.config
[4.093s] -- Symlinking: /home/nathan/RoboticsStudio1/install/41068_ignition_bringup/share/41068_ignition_bringup/models/forest_plane/model.sdf
[4.109s] -- Symlinking: /home/nathan/RoboticsStudio1/install/41068_ignition_bringup/share/41068_ignition_bringup/models/forest_wall/materials/textures/forest_wall.png
[4.125s] -- Symlinking: /home/nathan/RoboticsStudio1/install/41068_ignition_bringup/share/41068_ignition_bringup/models/forest_wall/materials/textures/forest_wall_transparent.png
[4.141s] -- Symlinking: /home/nathan/RoboticsStudio1/install/41068_ignition_bringup/share/41068_ignition_bringup/models/forest_wall/materials/textures/forest_wall_transparent_small.png
[4.160s] -- Symlinking: /home/nathan/RoboticsStudio1/install/41068_ignition_bringup/share/41068_ignition_bringup/models/forest_wall/model.config
[4.174s] -- Symlinking: /home/nathan/RoboticsStudio1/install/41068_ignition_bringup/share/41068_ignition_bringup/models/forest_wall/model.sdf
[4.193s] -- Symlinking: /home/nathan/RoboticsStudio1/install/41068_ignition_bringup/share/41068_ignition_bringup/models/grass_plane/materials/textures/empty_grass.png
[4.211s] -- Symlinking: /home/nathan/RoboticsStudio1/install/41068_ignition_bringup/share/41068_ignition_bringup/models/grass_plane/model.config
[4.230s] -- Symlinking: /home/nathan/RoboticsStudio1/install/41068_ignition_bringup/share/41068_ignition_bringup/models/grass_plane/model.sdf
[4.249s] -- Symlinking: /home/nathan/RoboticsStudio1/install/41068_ignition_bringup/share/41068_ignition_bringup/urdf/common_properties.urdf.xacro
[4.267s] -- Symlinking: /home/nathan/RoboticsStudio1/install/41068_ignition_bringup/share/41068_ignition_bringup/urdf/husky.gazebo.xacro
[4.286s] -- Symlinking: /home/nathan/RoboticsStudio1/install/41068_ignition_bringup/share/41068_ignition_bringup/urdf/husky.urdf.xacro
[4.304s] -- Symlinking: /home/nathan/RoboticsStudio1/install/41068_ignition_bringup/share/41068_ignition_bringup/urdf/meshes/base_link.dae
[4.322s] -- Symlinking: /home/nathan/RoboticsStudio1/install/41068_ignition_bringup/share/41068_ignition_bringup/urdf/meshes/bumper.dae
[4.339s] -- Symlinking: /home/nathan/RoboticsStudio1/install/41068_ignition_bringup/share/41068_ignition_bringup/urdf/meshes/jpl04_arch_nosensor.stl
[4.358s] -- Symlinking: /home/nathan/RoboticsStudio1/install/41068_ignition_bringup/share/41068_ignition_bringup/urdf/meshes/top_chassis.dae
[4.375s] -- Symlinking: /home/nathan/RoboticsStudio1/install/41068_ignition_bringup/share/41068_ignition_bringup/urdf/meshes/top_plate.dae
[4.392s] -- Symlinking: /home/nathan/RoboticsStudio1/install/41068_ignition_bringup/share/41068_ignition_bringup/urdf/meshes/wheel.dae
[4.408s] -- Symlinking: /home/nathan/RoboticsStudio1/install/41068_ignition_bringup/share/41068_ignition_bringup/urdf/wheel.urdf.xacro
[4.426s] -- Symlinking: /home/nathan/RoboticsStudio1/install/41068_ignition_bringup/share/41068_ignition_bringup/worlds/large_demo.sdf
[4.443s] -- Symlinking: /home/nathan/RoboticsStudio1/install/41068_ignition_bringup/share/41068_ignition_bringup/worlds/simple_trees.sdf
[4.460s] -- Symlinking: /home/nathan/RoboticsStudio1/install/41068_ignition_bringup/share/41068_ignition_bringup/urdf_drone/common_properties.urdf.xacro
[4.475s] -- Symlinking: /home/nathan/RoboticsStudio1/install/41068_ignition_bringup/share/41068_ignition_bringup/urdf_drone/meshes/hull.dae
[4.494s] -- Symlinking: /home/nathan/RoboticsStudio1/install/41068_ignition_bringup/share/41068_ignition_bringup/urdf_drone/meshes/propeller_fl.dae
[4.512s] -- Symlinking: /home/nathan/RoboticsStudio1/install/41068_ignition_bringup/share/41068_ignition_bringup/urdf_drone/meshes/propeller_fr.dae
[4.529s] -- Symlinking: /home/nathan/RoboticsStudio1/install/41068_ignition_bringup/share/41068_ignition_bringup/urdf_drone/meshes/propeller_rl.dae
[4.544s] -- Symlinking: /home/nathan/RoboticsStudio1/install/41068_ignition_bringup/share/41068_ignition_bringup/urdf_drone/meshes/propeller_rr.dae
[4.562s] -- Symlinking: /home/nathan/RoboticsStudio1/install/41068_ignition_bringup/share/41068_ignition_bringup/urdf_drone/model.config
[4.580s] -- Symlinking: /home/nathan/RoboticsStudio1/install/41068_ignition_bringup/share/41068_ignition_bringup/urdf_drone/model.sdf
[4.595s] -- Symlinking: /home/nathan/RoboticsStudio1/install/41068_ignition_bringup/share/41068_ignition_bringup/urdf_drone/parrot.gazebo.xacro
[4.611s] -- Symlinking: /home/nathan/RoboticsStudio1/install/41068_ignition_bringup/share/41068_ignition_bringup/urdf_drone/parrot.urdf.xacro
[4.627s] -- Symlinking: /home/nathan/RoboticsStudio1/install/41068_ignition_bringup/share/41068_ignition_bringup/urdf_drone/thumbnails/1.png
[4.645s] -- Symlinking: /home/nathan/RoboticsStudio1/install/41068_ignition_bringup/share/41068_ignition_bringup/urdf_drone/thumbnails/2.png
[4.662s] -- Symlinking: /home/nathan/RoboticsStudio1/install/41068_ignition_bringup/share/41068_ignition_bringup/urdf_drone/thumbnails/3.png
[4.680s] -- Symlinking: /home/nathan/RoboticsStudio1/install/41068_ignition_bringup/share/41068_ignition_bringup/urdf_drone/thumbnails/4.png
[4.697s] -- Symlinking: /home/nathan/RoboticsStudio1/install/41068_ignition_bringup/share/41068_ignition_bringup/urdf_drone/thumbnails/5.png
[4.714s] -- Symlinking: /home/nathan/RoboticsStudio1/install/41068_ignition_bringup/share/ament_index/resource_index/package_run_dependencies/41068_ignition_bringup
[4.731s] -- Symlinking: /home/nathan/RoboticsStudio1/install/41068_ignition_bringup/share/ament_index/resource_index/parent_prefix_path/41068_ignition_bringup
[4.746s] -- Symlinking: /home/nathan/RoboticsStudio1/install/41068_ignition_bringup/share/41068_ignition_bringup/environment/ament_prefix_path.sh
[4.763s] -- Symlinking: /home/nathan/RoboticsStudio1/install/41068_ignition_bringup/share/41068_ignition_bringup/environment/ament_prefix_path.dsv
[4.781s] -- Symlinking: /home/nathan/RoboticsStudio1/install/41068_ignition_bringup/share/41068_ignition_bringup/environment/path.sh
[4.797s] -- Symlinking: /home/nathan/RoboticsStudio1/install/41068_ignition_bringup/share/41068_ignition_bringup/environment/path.dsv
[4.812s] -- Symlinking: /home/nathan/RoboticsStudio1/install/41068_ignition_bringup/share/41068_ignition_bringup/local_setup.bash
[4.829s] -- Symlinking: /home/nathan/RoboticsStudio1/install/41068_ignition_bringup/share/41068_ignition_bringup/local_setup.sh
[4.846s] -- Symlinking: /home/nathan/RoboticsStudio1/install/41068_ignition_bringup/share/41068_ignition_bringup/local_setup.zsh
[4.862s] -- Symlinking: /home/nathan/RoboticsStudio1/install/41068_ignition_bringup/share/41068_ignition_bringup/local_setup.dsv
[4.880s] -- Symlinking: /home/nathan/RoboticsStudio1/install/41068_ignition_bringup/share/41068_ignition_bringup/package.dsv
[4.894s] -- Symlinking: /home/nathan/RoboticsStudio1/install/41068_ignition_bringup/share/ament_index/resource_index/packages/41068_ignition_bringup
[4.912s] -- Symlinking: /home/nathan/RoboticsStudio1/install/41068_ignition_bringup/share/41068_ignition_bringup/cmake/41068_ignition_bringupConfig.cmake
[4.932s] -- Symlinking: /home/nathan/RoboticsStudio1/install/41068_ignition_bringup/share/41068_ignition_bringup/cmake/41068_ignition_bringupConfig-version.cmake
[4.951s] -- Symlinking: /home/nathan/RoboticsStudio1/install/41068_ignition_bringup/share/41068_ignition_bringup/package.xml
[5.050s] Listing '/home/nathan/RoboticsStudio1/install/41068_ignition_bringup/local/lib/python3.10/dist-packages/lidar_processing'...
[5.050s] Compiling '/home/nathan/RoboticsStudio1/install/41068_ignition_bringup/local/lib/python3.10/dist-packages/lidar_processing/__init__.py'...
[5.050s] Compiling '/home/nathan/RoboticsStudio1/install/41068_ignition_bringup/local/lib/python3.10/dist-packages/lidar_processing/filtered_lidar.py'...
[5.050s] Compiling '/home/nathan/RoboticsStudio1/install/41068_ignition_bringup/local/lib/python3.10/dist-packages/lidar_processing/tree_detector.py'...
[5.070s] Invoked command in '/home/nathan/RoboticsStudio1/build/41068_ignition_bringup' returned '0': CMAKE_PREFIX_PATH=${CMAKE_PREFIX_PATH}:/opt/ros/humble /usr/bin/cmake --install /home/nathan/RoboticsStudio1/build/41068_ignition_bringup
