[3.705s] DEBUG:colcon:Command line arguments: ['/usr/bin/colcon', 'build', '--packages-select', '41068_ignition_bringup']
[3.705s] DEBUG:colcon:Parsed command line arguments: Namespace(log_base=None, log_level=None, verb_name='build', build_base='build', install_base='install', merge_install=False, symlink_install=False, test_result_base=None, continue_on_error=False, executor='parallel', parallel_workers=8, event_handlers=None, ignore_user_meta=False, metas=['./colcon.meta'], base_paths=['.'], packages_ignore=None, packages_ignore_regex=None, paths=None, packages_up_to=None, packages_up_to_regex=None, packages_above=None, packages_above_and_dependencies=None, packages_above_depth=None, packages_select_by_dep=None, packages_skip_by_dep=None, packages_skip_up_to=None, packages_select_build_failed=False, packages_skip_build_finished=False, packages_select_test_failures=False, packages_skip_test_passed=False, packages_select=['41068_ignition_bringup'], packages_skip=None, packages_select_regex=None, packages_skip_regex=None, packages_start=None, packages_end=None, allow_overriding=[], cmake_args=None, cmake_target=None, cmake_target_skip_unavailable=False, cmake_clean_cache=False, cmake_clean_first=False, cmake_force_configure=False, ament_cmake_args=None, catkin_cmake_args=None, catkin_skip_building_tests=False, mixin_files=None, mixin=None, verb_parser=<colcon_mixin.mixin.mixin_argument.MixinArgumentDecorator object at 0x78d6b86d65f0>, verb_extension=<colcon_core.verb.build.BuildVerb object at 0x78d6b86d5bd0>, main=<bound method BuildVerb.main of <colcon_core.verb.build.BuildVerb object at 0x78d6b86d5bd0>>, mixin_verb=('build',))
[8.749s] Level 1:colcon.colcon_core.package_discovery:discover_packages(colcon_meta) check parameters
[8.749s] Level 1:colcon.colcon_core.package_discovery:discover_packages(recursive) check parameters
[8.749s] Level 1:colcon.colcon_core.package_discovery:discover_packages(ignore) check parameters
[8.749s] Level 1:colcon.colcon_core.package_discovery:discover_packages(path) check parameters
[8.749s] Level 1:colcon.colcon_core.package_discovery:discover_packages(colcon_meta) discover
[8.749s] Level 1:colcon.colcon_core.package_discovery:discover_packages(recursive) discover
[8.749s] INFO:colcon.colcon_core.package_discovery:Crawling recursively for packages in '/home/student/RoboticsStudio1'
[8.749s] Level 1:colcon.colcon_core.package_identification:_identify(.) by extensions ['ignore', 'ignore_ament_install']
[8.750s] Level 1:colcon.colcon_core.package_identification:_identify(.) by extension 'ignore'
[8.750s] Level 1:colcon.colcon_core.package_identification:_identify(.) by extension 'ignore_ament_install'
[8.750s] Level 1:colcon.colcon_core.package_identification:_identify(.) by extensions ['colcon_pkg']
[8.750s] Level 1:colcon.colcon_core.package_identification:_identify(.) by extension 'colcon_pkg'
[8.750s] Level 1:colcon.colcon_core.package_identification:_identify(.) by extensions ['colcon_meta']
[8.750s] Level 1:colcon.colcon_core.package_identification:_identify(.) by extension 'colcon_meta'
[8.750s] Level 1:colcon.colcon_core.package_identification:_identify(.) by extensions ['ros']
[8.750s] Level 1:colcon.colcon_core.package_identification:_identify(.) by extension 'ros'
[8.857s] Level 1:colcon.colcon_core.package_identification:_identify(.) by extensions ['cmake', 'python']
[8.857s] Level 1:colcon.colcon_core.package_identification:_identify(.) by extension 'cmake'
[8.858s] Level 1:colcon.colcon_core.package_identification:_identify(.) by extension 'python'
[8.858s] Level 1:colcon.colcon_core.package_identification:_identify(.) by extensions ['python_setup_py']
[8.858s] Level 1:colcon.colcon_core.package_identification:_identify(.) by extension 'python_setup_py'
[8.858s] Level 1:colcon.colcon_core.package_identification:_identify(build) by extensions ['ignore', 'ignore_ament_install']
[8.858s] Level 1:colcon.colcon_core.package_identification:_identify(build) by extension 'ignore'
[8.858s] Level 1:colcon.colcon_core.package_identification:_identify(build) ignored
[8.858s] Level 1:colcon.colcon_core.package_identification:_identify(install) by extensions ['ignore', 'ignore_ament_install']
[8.859s] Level 1:colcon.colcon_core.package_identification:_identify(install) by extension 'ignore'
[8.859s] Level 1:colcon.colcon_core.package_identification:_identify(install) ignored
[8.859s] Level 1:colcon.colcon_core.package_identification:_identify(log) by extensions ['ignore', 'ignore_ament_install']
[8.859s] Level 1:colcon.colcon_core.package_identification:_identify(log) by extension 'ignore'
[8.859s] Level 1:colcon.colcon_core.package_identification:_identify(log) ignored
[8.859s] Level 1:colcon.colcon_core.package_identification:_identify(src) by extensions ['ignore', 'ignore_ament_install']
[8.859s] Level 1:colcon.colcon_core.package_identification:_identify(src) by extension 'ignore'
[8.860s] Level 1:colcon.colcon_core.package_identification:_identify(src) by extension 'ignore_ament_install'
[8.860s] Level 1:colcon.colcon_core.package_identification:_identify(src) by extensions ['colcon_pkg']
[8.860s] Level 1:colcon.colcon_core.package_identification:_identify(src) by extension 'colcon_pkg'
[8.860s] Level 1:colcon.colcon_core.package_identification:_identify(src) by extensions ['colcon_meta']
[8.860s] Level 1:colcon.colcon_core.package_identification:_identify(src) by extension 'colcon_meta'
[8.860s] Level 1:colcon.colcon_core.package_identification:_identify(src) by extensions ['ros']
[8.860s] Level 1:colcon.colcon_core.package_identification:_identify(src) by extension 'ros'
[8.860s] Level 1:colcon.colcon_core.package_identification:_identify(src) by extensions ['cmake', 'python']
[8.860s] Level 1:colcon.colcon_core.package_identification:_identify(src) by extension 'cmake'
[8.860s] Level 1:colcon.colcon_core.package_identification:_identify(src) by extension 'python'
[8.860s] Level 1:colcon.colcon_core.package_identification:_identify(src) by extensions ['python_setup_py']
[8.861s] Level 1:colcon.colcon_core.package_identification:_identify(src) by extension 'python_setup_py'
[8.861s] Level 1:colcon.colcon_core.package_identification:_identify(src/41068_ignition_bringup) by extensions ['ignore', 'ignore_ament_install']
[8.861s] Level 1:colcon.colcon_core.package_identification:_identify(src/41068_ignition_bringup) by extension 'ignore'
[8.861s] Level 1:colcon.colcon_core.package_identification:_identify(src/41068_ignition_bringup) by extension 'ignore_ament_install'
[8.861s] Level 1:colcon.colcon_core.package_identification:_identify(src/41068_ignition_bringup) by extensions ['colcon_pkg']
[8.861s] Level 1:colcon.colcon_core.package_identification:_identify(src/41068_ignition_bringup) by extension 'colcon_pkg'
[8.862s] Level 1:colcon.colcon_core.package_identification:_identify(src/41068_ignition_bringup) by extensions ['colcon_meta']
[8.862s] Level 1:colcon.colcon_core.package_identification:_identify(src/41068_ignition_bringup) by extension 'colcon_meta'
[8.862s] Level 1:colcon.colcon_core.package_identification:_identify(src/41068_ignition_bringup) by extensions ['ros']
[8.862s] Level 1:colcon.colcon_core.package_identification:_identify(src/41068_ignition_bringup) by extension 'ros'
[8.902s] DEBUG:colcon.colcon_core.package_identification:Package 'src/41068_ignition_bringup' with type 'ros.ament_cmake' and name '41068_ignition_bringup'
[8.902s] Level 1:colcon.colcon_core.package_discovery:discover_packages(recursive) using defaults
[8.902s] Level 1:colcon.colcon_core.package_discovery:discover_packages(ignore) discover
[8.902s] Level 1:colcon.colcon_core.package_discovery:discover_packages(ignore) using defaults
[8.902s] Level 1:colcon.colcon_core.package_discovery:discover_packages(path) discover
[8.902s] Level 1:colcon.colcon_core.package_discovery:discover_packages(path) using defaults
[9.399s] Level 1:colcon.colcon_core.package_discovery:discover_packages(prefix_path) check parameters
[9.399s] Level 1:colcon.colcon_core.package_discovery:discover_packages(prefix_path) discover
[9.493s] DEBUG:colcon.colcon_installed_package_information.package_discovery:Found 1 installed packages in /home/student/ros2_ws/install
[9.495s] DEBUG:colcon.colcon_installed_package_information.package_discovery:Found 424 installed packages in /opt/ros/humble
[9.497s] Level 1:colcon.colcon_core.package_discovery:discover_packages(prefix_path) using defaults
[9.683s] Level 5:colcon.colcon_core.verb:set package '41068_ignition_bringup' build argument 'cmake_args' from command line to 'None'
[9.683s] Level 5:colcon.colcon_core.verb:set package '41068_ignition_bringup' build argument 'cmake_target' from command line to 'None'
[9.683s] Level 5:colcon.colcon_core.verb:set package '41068_ignition_bringup' build argument 'cmake_target_skip_unavailable' from command line to 'False'
[9.683s] Level 5:colcon.colcon_core.verb:set package '41068_ignition_bringup' build argument 'cmake_clean_cache' from command line to 'False'
[9.684s] Level 5:colcon.colcon_core.verb:set package '41068_ignition_bringup' build argument 'cmake_clean_first' from command line to 'False'
[9.684s] Level 5:colcon.colcon_core.verb:set package '41068_ignition_bringup' build argument 'cmake_force_configure' from command line to 'False'
[9.684s] Level 5:colcon.colcon_core.verb:set package '41068_ignition_bringup' build argument 'ament_cmake_args' from command line to 'None'
[9.684s] Level 5:colcon.colcon_core.verb:set package '41068_ignition_bringup' build argument 'catkin_cmake_args' from command line to 'None'
[9.684s] Level 5:colcon.colcon_core.verb:set package '41068_ignition_bringup' build argument 'catkin_skip_building_tests' from command line to 'False'
[9.684s] DEBUG:colcon.colcon_core.verb:Building package '41068_ignition_bringup' with the following arguments: {'ament_cmake_args': None, 'build_base': '/home/student/RoboticsStudio1/build/41068_ignition_bringup', 'catkin_cmake_args': None, 'catkin_skip_building_tests': False, 'cmake_args': None, 'cmake_clean_cache': False, 'cmake_clean_first': False, 'cmake_force_configure': False, 'cmake_target': None, 'cmake_target_skip_unavailable': False, 'install_base': '/home/student/RoboticsStudio1/install/41068_ignition_bringup', 'merge_install': False, 'path': '/home/student/RoboticsStudio1/src/41068_ignition_bringup', 'symlink_install': False, 'test_result_base': None}
[9.684s] INFO:colcon.colcon_core.executor:Executing jobs using 'parallel' executor
[9.685s] DEBUG:colcon.colcon_parallel_executor.executor.parallel:run_until_complete
[9.685s] INFO:colcon.colcon_ros.task.ament_cmake.build:Building ROS package in '/home/student/RoboticsStudio1/src/41068_ignition_bringup' with build type 'ament_cmake'
[9.686s] INFO:colcon.colcon_cmake.task.cmake.build:Building CMake package in '/home/student/RoboticsStudio1/src/41068_ignition_bringup'
[9.793s] INFO:colcon.colcon_core.plugin_system:Skipping extension 'colcon_core.shell.bat': Not used on non-Windows systems
[9.793s] INFO:colcon.colcon_core.shell:Skip shell extension 'powershell' for command environment: Not usable outside of PowerShell
[9.793s] DEBUG:colcon.colcon_core.shell:Skip shell extension 'dsv' for command environment
[9.841s] DEBUG:colcon.colcon_core.event_handler.log_command:Invoking command in '/home/student/RoboticsStudio1/build/41068_ignition_bringup': CMAKE_PREFIX_PATH=${CMAKE_PREFIX_PATH}:/opt/ros/humble /usr/bin/cmake --build /home/student/RoboticsStudio1/build/41068_ignition_bringup -- -j8 -l8
[11.495s] DEBUG:colcon.colcon_core.event_handler.log_command:Invoked command in '/home/student/RoboticsStudio1/build/41068_ignition_bringup' returned '0': CMAKE_PREFIX_PATH=${CMAKE_PREFIX_PATH}:/opt/ros/humble /usr/bin/cmake --build /home/student/RoboticsStudio1/build/41068_ignition_bringup -- -j8 -l8
[11.518s] DEBUG:colcon.colcon_core.event_handler.log_command:Invoking command in '/home/student/RoboticsStudio1/build/41068_ignition_bringup': CMAKE_PREFIX_PATH=${CMAKE_PREFIX_PATH}:/opt/ros/humble /usr/bin/cmake --install /home/student/RoboticsStudio1/build/41068_ignition_bringup
[11.657s] Level 1:colcon.colcon_core.environment:create_environment_scripts_only(41068_ignition_bringup)
[11.664s] DEBUG:colcon.colcon_core.event_handler.log_command:Invoked command in '/home/student/RoboticsStudio1/build/41068_ignition_bringup' returned '0': CMAKE_PREFIX_PATH=${CMAKE_PREFIX_PATH}:/opt/ros/humble /usr/bin/cmake --install /home/student/RoboticsStudio1/build/41068_ignition_bringup
[11.808s] Level 1:colcon.colcon_core.environment:checking '/home/student/RoboticsStudio1/install/41068_ignition_bringup' for CMake module files
[11.809s] Level 1:colcon.colcon_core.environment:checking '/home/student/RoboticsStudio1/install/41068_ignition_bringup' for CMake config files
[11.809s] Level 1:colcon.colcon_core.shell:create_environment_hook('41068_ignition_bringup', 'cmake_prefix_path')
[11.810s] INFO:colcon.colcon_core.shell:Creating environment hook '/home/student/RoboticsStudio1/install/41068_ignition_bringup/share/41068_ignition_bringup/hook/cmake_prefix_path.ps1'
[11.845s] INFO:colcon.colcon_core.shell:Creating environment descriptor '/home/student/RoboticsStudio1/install/41068_ignition_bringup/share/41068_ignition_bringup/hook/cmake_prefix_path.dsv'
[11.848s] INFO:colcon.colcon_core.shell:Creating environment hook '/home/student/RoboticsStudio1/install/41068_ignition_bringup/share/41068_ignition_bringup/hook/cmake_prefix_path.sh'
[11.851s] Level 1:colcon.colcon_core.environment:checking '/home/student/RoboticsStudio1/install/41068_ignition_bringup/lib'
[11.851s] Level 1:colcon.colcon_core.environment:checking '/home/student/RoboticsStudio1/install/41068_ignition_bringup/bin'
[11.852s] Level 1:colcon.colcon_core.environment:checking '/home/student/RoboticsStudio1/install/41068_ignition_bringup/lib/pkgconfig/41068_ignition_bringup.pc'
[11.852s] Level 1:colcon.colcon_core.environment:checking '/home/student/RoboticsStudio1/install/41068_ignition_bringup/lib/python3.10/site-packages'
[11.852s] Level 1:colcon.colcon_core.environment:checking '/home/student/RoboticsStudio1/install/41068_ignition_bringup/bin'
[11.853s] INFO:colcon.colcon_core.shell:Creating package script '/home/student/RoboticsStudio1/install/41068_ignition_bringup/share/41068_ignition_bringup/package.ps1'
[11.857s] INFO:colcon.colcon_core.shell:Creating package descriptor '/home/student/RoboticsStudio1/install/41068_ignition_bringup/share/41068_ignition_bringup/package.dsv'
[11.893s] INFO:colcon.colcon_core.shell:Creating package script '/home/student/RoboticsStudio1/install/41068_ignition_bringup/share/41068_ignition_bringup/package.sh'
[11.897s] INFO:colcon.colcon_core.shell:Creating package script '/home/student/RoboticsStudio1/install/41068_ignition_bringup/share/41068_ignition_bringup/package.bash'
[11.902s] INFO:colcon.colcon_core.shell:Creating package script '/home/student/RoboticsStudio1/install/41068_ignition_bringup/share/41068_ignition_bringup/package.zsh'
[11.941s] Level 1:colcon.colcon_core.environment:create_file_with_runtime_dependencies(/home/student/RoboticsStudio1/install/41068_ignition_bringup/share/colcon-core/packages/41068_ignition_bringup)
[11.942s] Level 1:colcon.colcon_core.environment:create_environment_scripts_only(41068_ignition_bringup)
[11.942s] Level 1:colcon.colcon_core.environment:checking '/home/student/RoboticsStudio1/install/41068_ignition_bringup' for CMake module files
[11.943s] Level 1:colcon.colcon_core.environment:checking '/home/student/RoboticsStudio1/install/41068_ignition_bringup' for CMake config files
[11.943s] Level 1:colcon.colcon_core.shell:create_environment_hook('41068_ignition_bringup', 'cmake_prefix_path')
[11.943s] INFO:colcon.colcon_core.shell:Creating environment hook '/home/student/RoboticsStudio1/install/41068_ignition_bringup/share/41068_ignition_bringup/hook/cmake_prefix_path.ps1'
[11.944s] INFO:colcon.colcon_core.shell:Creating environment descriptor '/home/student/RoboticsStudio1/install/41068_ignition_bringup/share/41068_ignition_bringup/hook/cmake_prefix_path.dsv'
[11.944s] INFO:colcon.colcon_core.shell:Creating environment hook '/home/student/RoboticsStudio1/install/41068_ignition_bringup/share/41068_ignition_bringup/hook/cmake_prefix_path.sh'
[11.945s] Level 1:colcon.colcon_core.environment:checking '/home/student/RoboticsStudio1/install/41068_ignition_bringup/lib'
[11.945s] Level 1:colcon.colcon_core.environment:checking '/home/student/RoboticsStudio1/install/41068_ignition_bringup/bin'
[11.945s] Level 1:colcon.colcon_core.environment:checking '/home/student/RoboticsStudio1/install/41068_ignition_bringup/lib/pkgconfig/41068_ignition_bringup.pc'
[11.945s] Level 1:colcon.colcon_core.environment:checking '/home/student/RoboticsStudio1/install/41068_ignition_bringup/lib/python3.10/site-packages'
[11.945s] Level 1:colcon.colcon_core.environment:checking '/home/student/RoboticsStudio1/install/41068_ignition_bringup/bin'
[11.946s] INFO:colcon.colcon_core.shell:Creating package script '/home/student/RoboticsStudio1/install/41068_ignition_bringup/share/41068_ignition_bringup/package.ps1'
[11.946s] INFO:colcon.colcon_core.shell:Creating package descriptor '/home/student/RoboticsStudio1/install/41068_ignition_bringup/share/41068_ignition_bringup/package.dsv'
[11.947s] INFO:colcon.colcon_core.shell:Creating package script '/home/student/RoboticsStudio1/install/41068_ignition_bringup/share/41068_ignition_bringup/package.sh'
[11.947s] INFO:colcon.colcon_core.shell:Creating package script '/home/student/RoboticsStudio1/install/41068_ignition_bringup/share/41068_ignition_bringup/package.bash'
[11.948s] INFO:colcon.colcon_core.shell:Creating package script '/home/student/RoboticsStudio1/install/41068_ignition_bringup/share/41068_ignition_bringup/package.zsh'
[11.948s] Level 1:colcon.colcon_core.environment:create_file_with_runtime_dependencies(/home/student/RoboticsStudio1/install/41068_ignition_bringup/share/colcon-core/packages/41068_ignition_bringup)
[11.948s] DEBUG:colcon.colcon_parallel_executor.executor.parallel:closing loop
[11.949s] DEBUG:colcon.colcon_parallel_executor.executor.parallel:loop closed
[11.949s] DEBUG:colcon.colcon_parallel_executor.executor.parallel:run_until_complete finished with '0'
[11.949s] DEBUG:colcon.colcon_core.event_reactor:joining thread
[12.000s] INFO:colcon.colcon_core.plugin_system:Skipping extension 'colcon_notification.desktop_notification.terminal_notifier': Not used on non-Darwin systems
[12.000s] INFO:colcon.colcon_core.plugin_system:Skipping extension 'colcon_notification.desktop_notification.win32': Not used on non-Windows systems
[12.000s] INFO:colcon.colcon_notification.desktop_notification:Sending desktop notification using 'notify2'
[12.024s] DEBUG:colcon.colcon_core.event_reactor:joined thread
[12.024s] INFO:colcon.colcon_core.shell:Creating prefix script '/home/student/RoboticsStudio1/install/local_setup.ps1'
[12.051s] INFO:colcon.colcon_core.shell:Creating prefix util module '/home/student/RoboticsStudio1/install/_local_setup_util_ps1.py'
[12.056s] INFO:colcon.colcon_core.shell:Creating prefix chain script '/home/student/RoboticsStudio1/install/setup.ps1'
[12.062s] INFO:colcon.colcon_core.shell:Creating prefix script '/home/student/RoboticsStudio1/install/local_setup.sh'
[12.097s] INFO:colcon.colcon_core.shell:Creating prefix util module '/home/student/RoboticsStudio1/install/_local_setup_util_sh.py'
[12.098s] INFO:colcon.colcon_core.shell:Creating prefix chain script '/home/student/RoboticsStudio1/install/setup.sh'
[12.102s] INFO:colcon.colcon_core.shell:Creating prefix script '/home/student/RoboticsStudio1/install/local_setup.bash'
[12.106s] INFO:colcon.colcon_core.shell:Creating prefix chain script '/home/student/RoboticsStudio1/install/setup.bash'
[12.136s] INFO:colcon.colcon_core.shell:Creating prefix script '/home/student/RoboticsStudio1/install/local_setup.zsh'
[12.141s] INFO:colcon.colcon_core.shell:Creating prefix chain script '/home/student/RoboticsStudio1/install/setup.zsh'
